2016-02-05 10:19:55 Workerman[start.php] start in DEBUG mode
2016-02-05 10:20:06 Workerman[start.php] Stopping ...
2016-02-05 10:20:06 Workerman[start.php] has been stopped
2016-02-05 10:35:47 Workerman[start.php] start in DEBUG mode
2016-02-05 10:38:41 Workerman[start.php] Stopping ...
2016-02-05 10:38:41 Workerman[start.php] has been stopped
2016-02-05 10:43:50 Workerman[start.php] start in DEBUG mode
2016-02-05 10:43:57 Workerman[start.php] Stopping ...
2016-02-05 10:43:57 Workerman[start.php] has been stopped
2016-02-05 10:44:26 Workerman[start.php] start in DEBUG mode
2016-02-05 10:45:23 Workerman[start.php] Stopping ...
2016-02-05 10:45:23 Workerman[start.php] has been stopped
2016-02-05 14:02:09 Workerman[start.php] start in DEBUG mode
2016-02-05 14:02:55 Workerman[start.php] Stopping ...
2016-02-05 14:02:55 Workerman[start.php] has been stopped
2016-02-05 14:06:30 Workerman[start.php] start in DEBUG mode
2016-02-05 14:07:16 Workerman[start.php] Stopping ...
2016-02-05 14:07:16 Workerman[start.php] has been stopped
2016-02-05 14:35:55 Workerman[start.php] start in DEBUG mode
2016-02-05 14:37:14 Workerman[start.php] Stopping ...
2016-02-05 14:37:14 Workerman[start.php] has been stopped
2016-02-05 14:37:42 Workerman[start.php] start in DEBUG mode
2016-02-05 14:37:55 WORKER EXIT UNEXPECTED E_ERROR Uncaught Error: Class 'Bregister' not found in /home/wwwroot/LC/Applications/App/Event.php:39
Stack trace:
#0 [internal function]: Event::onMessage('7f00000108fd000...', '121')
#1 /home/wwwroot/LC/GatewayWorker/BusinessWorker.php(306): call_user_func('Event::onMessag...', '7f00000108fd000...', '121')
#2 [internal function]: GatewayWorker\BusinessWorker->onGatewayMessage(Object(Workerman\Connection\AsyncTcpConnection), Array)
#3 /home/wwwroot/LC/Workerman/Connection/TcpConnection.php(453): call_user_func(Array, Object(Workerman\Connection\AsyncTcpConnection), Array)
#4 [internal function]: Workerman\Connection\TcpConnection->baseRead(Resource id #38)
#5 /home/wwwroot/LC/Workerman/Events/Select.php(260): call_user_func_array(Array, Array)
#6 /home/wwwroot/LC/Workerman/Worker.php(1507): Workerman\Events\Select->loop()
#7 /home/wwwroot/LC/GatewayWorker/BusinessWorker.php(139): Workerman\Worker->run()
#8 /home/wwwroot/LC/Workerman/Worker.php(900): GatewayWorker\BusinessWorker->run()
#9 /home/wwwroot/LC/Workerman/W in /home/wwwroot/LC/Applications/App/Event.php on line 39
2016-02-05 14:37:55 worker[ChatBusinessWorker:31647] exit with status 65280
2016-02-05 14:38:29 Workerman[start.php] Stopping ...
2016-02-05 14:38:29 Workerman[start.php] has been stopped
2016-02-05 15:03:04 Workerman[start.php] start in DEBUG mode
2016-02-05 15:03:26 WORKER EXIT UNEXPECTED E_COMPILE_ERROR require_once(): Failed opening required '/home/wwwroot/LC/Applications/App/Controller/../Function/functions.php' (include_path='.:/usr/share/pear:/usr/share/php') in /home/wwwroot/LC/Applications/App/Controller/User.class.php on line 4
2016-02-05 15:03:26 worker[ChatBusinessWorker:854] exit with status 65280
2016-02-05 15:03:49 Workerman[start.php] Stopping ...
2016-02-05 15:03:49 Workerman[start.php] has been stopped
2016-02-05 15:03:52 Workerman[start.php] start in DEBUG mode
2016-02-05 15:04:09 WORKER EXIT UNEXPECTED E_ERROR Uncaught Error: Class 'User' not found in /home/wwwroot/LC/Applications/App/Event.php:57
Stack trace:
#0 [internal function]: Event::onMessage('7f00000108ff000...', '{"mod":"User","...')
#1 /home/wwwroot/LC/GatewayWorker/BusinessWorker.php(306): call_user_func('Event::onMessag...', '7f00000108ff000...', '{"mod":"User","...')
#2 [internal function]: GatewayWorker\BusinessWorker->onGatewayMessage(Object(Workerman\Connection\AsyncTcpConnection), Array)
#3 /home/wwwroot/LC/Workerman/Connection/TcpConnection.php(453): call_user_func(Array, Object(Workerman\Connection\AsyncTcpConnection), Array)
#4 [internal function]: Workerman\Connection\TcpConnection->baseRead(Resource id #40)
#5 /home/wwwroot/LC/Workerman/Events/Select.php(260): call_user_func_array(Array, Array)
#6 /home/wwwroot/LC/Workerman/Worker.php(1507): Workerman\Events\Select->loop()
#7 /home/wwwroot/LC/GatewayWorker/BusinessWorker.php(139): Workerman\Worker->run()
#8 /home/wwwroot/LC/Workerman/Worker.php(900): GatewayWorker\BusinessWorker->run()
#9 /ho in /home/wwwroot/LC/Applications/App/Event.php on line 57
2016-02-05 15:04:09 worker[ChatBusinessWorker:930] exit with status 65280
2016-02-05 15:04:28 Workerman[start.php] Stopping ...
2016-02-05 15:04:28 Workerman[start.php] has been stopped
2016-02-05 15:06:19 Workerman[start.php] start in DEBUG mode
2016-02-05 15:06:23 WORKER EXIT UNEXPECTED E_ERROR Uncaught Error: Class 'User' not found in /home/wwwroot/LC/Applications/App/Event.php:58
Stack trace:
#0 [internal function]: Event::onMessage('7f00000108ff000...', '{"mod":"User","...')
#1 /home/wwwroot/LC/GatewayWorker/BusinessWorker.php(306): call_user_func('Event::onMessag...', '7f00000108ff000...', '{"mod":"User","...')
#2 [internal function]: GatewayWorker\BusinessWorker->onGatewayMessage(Object(Workerman\Connection\AsyncTcpConnection), Array)
#3 /home/wwwroot/LC/Workerman/Connection/TcpConnection.php(453): call_user_func(Array, Object(Workerman\Connection\AsyncTcpConnection), Array)
#4 [internal function]: Workerman\Connection\TcpConnection->baseRead(Resource id #40)
#5 /home/wwwroot/LC/Workerman/Events/Select.php(260): call_user_func_array(Array, Array)
#6 /home/wwwroot/LC/Workerman/Worker.php(1507): Workerman\Events\Select->loop()
#7 /home/wwwroot/LC/GatewayWorker/BusinessWorker.php(139): Workerman\Worker->run()
#8 /home/wwwroot/LC/Workerman/Worker.php(900): GatewayWorker\BusinessWorker->run()
#9 /ho in /home/wwwroot/LC/Applications/App/Event.php on line 58
2016-02-05 15:06:23 worker[ChatBusinessWorker:1102] exit with status 65280
2016-02-05 15:06:44 Workerman[start.php] Stopping ...
2016-02-05 15:06:44 Workerman[start.php] has been stopped
2016-02-05 15:07:28 Workerman[start.php] start in DEBUG mode
2016-02-05 15:07:28 WORKER EXIT UNEXPECTED E_PARSE syntax error, unexpected '$class' (T_VARIABLE), expecting identifier (T_STRING) in /home/wwwroot/LC/Applications/App/Event.php on line 57
2016-02-05 15:07:28 WORKER EXIT UNEXPECTED E_PARSE syntax error, unexpected '$class' (T_VARIABLE), expecting identifier (T_STRING) in /home/wwwroot/LC/Applications/App/Event.php on line 57
2016-02-05 15:07:28 WORKER EXIT UNEXPECTED E_PARSE syntax error, unexpected '$class' (T_VARIABLE), expecting identifier (T_STRING) in /home/wwwroot/LC/Applications/App/Event.php on line 57
2016-02-05 15:07:28 WORKER EXIT UNEXPECTED E_PARSE syntax error, unexpected '$class' (T_VARIABLE), expecting identifier (T_STRING) in /home/wwwroot/LC/Applications/App/Event.php on line 57
2016-02-05 15:07:28 worker[ChatBusinessWorker:1190] exit with status 65280
2016-02-05 15:07:28 worker[ChatBusinessWorker:1191] exit with status 65280
2016-02-05 15:07:28 worker[ChatBusinessWorker:1189] exit with status 65280
2016-02-05 15:07:28 worker[ChatBusinessWorker:1188] exit with status 65280
2016-02-05 15:07:28 WORKER EXIT UNEXPECTED E_PARSE syntax error, unexpected '$class' (T_VARIABLE), expecting identifier (T_STRING) in /home/wwwroot/LC/Applications/App/Event.php on line 57
2016-02-05 15:07:28 WORKER EXIT UNEXPECTED E_PARSE syntax error, unexpected '$class' (T_VARIABLE), expecting identifier (T_STRING) in /home/wwwroot/LC/Applications/App/Event.php on line 57
2016-02-05 15:07:28 WORKER EXIT UNEXPECTED E_PARSE syntax error, unexpected '$class' (T_VARIABLE), expecting identifier (T_STRING) in /home/wwwroot/LC/Applications/App/Event.php on line 57
2016-02-05 15:07:28 WORKER EXIT UNEXPECTED E_PARSE syntax error, unexpected '$class' (T_VARIABLE), expecting identifier (T_STRING) in /home/wwwroot/LC/Applications/App/Event.php on line 57
2016-02-05 15:07:28 worker[ChatBusinessWorker:1197] exit with status 65280
2016-02-05 15:07:28 worker[ChatBusinessWorker:1198] exit with status 65280
2016-02-05 15:07:28 worker[ChatBusinessWorker:1199] exit with status 65280
2016-02-05 15:07:28 worker[ChatBusinessWorker:1200] exit with status 65280
2016-02-05 15:07:28 WORKER EXIT UNEXPECTED E_PARSE syntax error, unexpected '$class' (T_VARIABLE), expecting identifier (T_STRING) in /home/wwwroot/LC/Applications/App/Event.php on line 57
2016-02-05 15:07:28 WORKER EXIT UNEXPECTED E_PARSE syntax error, unexpected '$class' (T_VARIABLE), expecting identifier (T_STRING) in /home/wwwroot/LC/Applications/App/Event.php on line 57
2016-02-05 15:07:28 WORKER EXIT UNEXPECTED E_PARSE syntax error, unexpected '$class' (T_VARIABLE), expecting identifier (T_STRING) in /home/wwwroot/LC/Applications/App/Event.php on line 57
2016-02-05 15:07:28 WORKER EXIT UNEXPECTED E_PARSE syntax error, unexpected '$class' (T_VARIABLE), expecting identifier (T_STRING) in /home/wwwroot/LC/Applications/App/Event.php on line 57
2016-02-05 15:07:28 worker[ChatBusinessWorker:1201] exit with status 65280
2016-02-05 15:07:28 worker[ChatBusinessWorker:1204] exit with status 65280
2016-02-05 15:07:28 worker[ChatBusinessWorker:1202] exit with status 65280
2016-02-05 15:07:28 worker[ChatBusinessWorker:1206] exit with status 65280
2016-02-05 15:07:28 WORKER EXIT UNEXPECTED E_PARSE syntax error, unexpected '$class' (T_VARIABLE), expecting identifier (T_STRING) in /home/wwwroot/LC/Applications/App/Event.php on line 57
2016-02-05 15:07:28 WORKER EXIT UNEXPECTED E_PARSE syntax error, unexpected '$class' (T_VARIABLE), expecting identifier (T_STRING) in /home/wwwroot/LC/Applications/App/Event.php on line 57
2016-02-05 15:07:28 WORKER EXIT UNEXPECTED E_PARSE syntax error, unexpected '$class' (T_VARIABLE), expecting identifier (T_STRING) in /home/wwwroot/LC/Applications/App/Event.php on line 57
2016-02-05 15:07:28 WORKER EXIT UNEXPECTED E_PARSE syntax error, unexpected '$class' (T_VARIABLE), expecting identifier (T_STRING) in /home/wwwroot/LC/Applications/App/Event.php on line 57
2016-02-05 15:07:28 worker[ChatBusinessWorker:1208] exit with status 65280
2016-02-05 15:07:28 worker[ChatBusinessWorker:1209] exit with status 65280
2016-02-05 15:07:28 worker[ChatBusinessWorker:1207] exit with status 65280
2016-02-05 15:07:28 worker[ChatBusinessWorker:1210] exit with status 65280
2016-02-05 15:07:28 WORKER EXIT UNEXPECTED E_PARSE syntax error, unexpected '$class' (T_VARIABLE), expecting identifier (T_STRING) in /home/wwwroot/LC/Applications/App/Event.php on line 57
2016-02-05 15:07:28 WORKER EXIT UNEXPECTED E_PARSE syntax error, unexpected '$class' (T_VARIABLE), expecting identifier (T_STRING) in /home/wwwroot/LC/Applications/App/Event.php on line 57
2016-02-05 15:07:28 WORKER EXIT UNEXPECTED E_PARSE syntax error, unexpected '$class' (T_VARIABLE), expecting identifier (T_STRING) in /home/wwwroot/LC/Applications/App/Event.php on line 57
2016-02-05 15:07:28 WORKER EXIT UNEXPECTED E_PARSE syntax error, unexpected '$class' (T_VARIABLE), expecting identifier (T_STRING) in /home/wwwroot/LC/Applications/App/Event.php on line 57
2016-02-05 15:07:28 worker[ChatBusinessWorker:1211] exit with status 65280
2016-02-05 15:07:28 worker[ChatBusinessWorker:1212] exit with status 65280
2016-02-05 15:07:28 worker[ChatBusinessWorker:1213] exit with status 65280
2016-02-05 15:07:28 worker[ChatBusinessWorker:1214] exit with status 65280
2016-02-05 15:07:28 WORKER EXIT UNEXPECTED E_PARSE syntax error, unexpected '$class' (T_VARIABLE), expecting identifier (T_STRING) in /home/wwwroot/LC/Applications/App/Event.php on line 57
2016-02-05 15:07:28 WORKER EXIT UNEXPECTED E_PARSE syntax error, unexpected '$class' (T_VARIABLE), expecting identifier (T_STRING) in /home/wwwroot/LC/Applications/App/Event.php on line 57
2016-02-05 15:07:28 WORKER EXIT UNEXPECTED E_PARSE syntax error, unexpected '$class' (T_VARIABLE), expecting identifier (T_STRING) in /home/wwwroot/LC/Applications/App/Event.php on line 57
2016-02-05 15:07:28 WORKER EXIT UNEXPECTED E_PARSE syntax error, unexpected '$class' (T_VARIABLE), expecting identifier (T_STRING) in /home/wwwroot/LC/Applications/App/Event.php on line 57
2016-02-05 15:07:28 worker[ChatBusinessWorker:1215] exit with status 65280
2016-02-05 15:07:28 worker[ChatBusinessWorker:1216] exit with status 65280
2016-02-05 15:07:28 worker[ChatBusinessWorker:1217] exit with status 65280
2016-02-05 15:07:28 worker[ChatBusinessWorker:1218] exit with status 65280
2016-02-05 15:07:28 WORKER EXIT UNEXPECTED E_PARSE syntax error, unexpected '$class' (T_VARIABLE), expecting identifier (T_STRING) in /home/wwwroot/LC/Applications/App/Event.php on line 57
2016-02-05 15:07:28 WORKER EXIT UNEXPECTED E_PARSE syntax error, unexpected '$class' (T_VARIABLE), expecting identifier (T_STRING) in /home/wwwroot/LC/Applications/App/Event.php on line 57
2016-02-05 15:07:28 WORKER EXIT UNEXPECTED E_PARSE syntax error, unexpected '$class' (T_VARIABLE), expecting identifier (T_STRING) in /home/wwwroot/LC/Applications/App/Event.php on line 57
2016-02-05 15:07:28 WORKER EXIT UNEXPECTED E_PARSE syntax error, unexpected '$class' (T_VARIABLE), expecting identifier (T_STRING) in /home/wwwroot/LC/Applications/App/Event.php on line 57
2016-02-05 15:07:28 worker[ChatBusinessWorker:1219] exit with status 65280
2016-02-05 15:07:28 worker[ChatBusinessWorker:1220] exit with status 65280
2016-02-05 15:07:28 worker[ChatBusinessWorker:1222] exit with status 65280
2016-02-05 15:07:28 worker[ChatBusinessWorker:1221] exit with status 65280
2016-02-05 15:07:28 WORKER EXIT UNEXPECTED E_PARSE syntax error, unexpected '$class' (T_VARIABLE), expecting identifier (T_STRING) in /home/wwwroot/LC/Applications/App/Event.php on line 57
2016-02-05 15:07:28 WORKER EXIT UNEXPECTED E_PARSE syntax error, unexpected '$class' (T_VARIABLE), expecting identifier (T_STRING) in /home/wwwroot/LC/Applications/App/Event.php on line 57
2016-02-05 15:07:28 WORKER EXIT UNEXPECTED E_PARSE syntax error, unexpected '$class' (T_VARIABLE), expecting identifier (T_STRING) in /home/wwwroot/LC/Applications/App/Event.php on line 57
2016-02-05 15:07:28 WORKER EXIT UNEXPECTED E_PARSE syntax error, unexpected '$class' (T_VARIABLE), expecting identifier (T_STRING) in /home/wwwroot/LC/Applications/App/Event.php on line 57
2016-02-05 15:07:28 worker[ChatBusinessWorker:1223] exit with status 65280
2016-02-05 15:07:28 worker[ChatBusinessWorker:1224] exit with status 65280
2016-02-05 15:07:28 worker[ChatBusinessWorker:1225] exit with status 65280
2016-02-05 15:07:28 worker[ChatBusinessWorker:1226] exit with status 65280
2016-02-05 15:07:28 WORKER EXIT UNEXPECTED E_PARSE syntax error, unexpected '$class' (T_VARIABLE), expecting identifier (T_STRING) in /home/wwwroot/LC/Applications/App/Event.php on line 57
2016-02-05 15:07:28 WORKER EXIT UNEXPECTED E_PARSE syntax error, unexpected '$class' (T_VARIABLE), expecting identifier (T_STRING) in /home/wwwroot/LC/Applications/App/Event.php on line 57
2016-02-05 15:07:28 WORKER EXIT UNEXPECTED E_PARSE syntax error, unexpected '$class' (T_VARIABLE), expecting identifier (T_STRING) in /home/wwwroot/LC/Applications/App/Event.php on line 57
2016-02-05 15:07:28 WORKER EXIT UNEXPECTED E_PARSE syntax error, unexpected '$class' (T_VARIABLE), expecting identifier (T_STRING) in /home/wwwroot/LC/Applications/App/Event.php on line 57
2016-02-05 15:07:28 worker[ChatBusinessWorker:1227] exit with status 65280
2016-02-05 15:07:28 worker[ChatBusinessWorker:1229] exit with status 65280
2016-02-05 15:07:28 worker[ChatBusinessWorker:1228] exit with status 65280
2016-02-05 15:07:28 worker[ChatBusinessWorker:1230] exit with status 65280
2016-02-05 15:07:28 WORKER EXIT UNEXPECTED E_PARSE syntax error, unexpected '$class' (T_VARIABLE), expecting identifier (T_STRING) in /home/wwwroot/LC/Applications/App/Event.php on line 57
2016-02-05 15:07:28 WORKER EXIT UNEXPECTED E_PARSE syntax error, unexpected '$class' (T_VARIABLE), expecting identifier (T_STRING) in /home/wwwroot/LC/Applications/App/Event.php on line 57
2016-02-05 15:07:28 WORKER EXIT UNEXPECTED E_PARSE syntax error, unexpected '$class' (T_VARIABLE), expecting identifier (T_STRING) in /home/wwwroot/LC/Applications/App/Event.php on line 57
2016-02-05 15:07:28 WORKER EXIT UNEXPECTED E_PARSE syntax error, unexpected '$class' (T_VARIABLE), expecting identifier (T_STRING) in /home/wwwroot/LC/Applications/App/Event.php on line 57
2016-02-05 15:07:28 worker[ChatBusinessWorker:1233] exit with status 65280
2016-02-05 15:07:28 worker[ChatBusinessWorker:1231] exit with status 65280
2016-02-05 15:07:28 worker[ChatBusinessWorker:1232] exit with status 65280
2016-02-05 15:07:28 worker[ChatBusinessWorker:1234] exit with status 65280
2016-02-05 15:07:28 WORKER EXIT UNEXPECTED E_PARSE syntax error, unexpected '$class' (T_VARIABLE), expecting identifier (T_STRING) in /home/wwwroot/LC/Applications/App/Event.php on line 57
2016-02-05 15:07:28 WORKER EXIT UNEXPECTED E_PARSE syntax error, unexpected '$class' (T_VARIABLE), expecting identifier (T_STRING) in /home/wwwroot/LC/Applications/App/Event.php on line 57
2016-02-05 15:07:28 WORKER EXIT UNEXPECTED E_PARSE syntax error, unexpected '$class' (T_VARIABLE), expecting identifier (T_STRING) in /home/wwwroot/LC/Applications/App/Event.php on line 57
2016-02-05 15:07:28 WORKER EXIT UNEXPECTED E_PARSE syntax error, unexpected '$class' (T_VARIABLE), expecting identifier (T_STRING) in /home/wwwroot/LC/Applications/App/Event.php on line 57
2016-02-05 15:07:28 worker[ChatBusinessWorker:1235] exit with status 65280
2016-02-05 15:07:28 worker[ChatBusinessWorker:1237] exit with status 65280
2016-02-05 15:07:28 worker[ChatBusinessWorker:1236] exit with status 65280
2016-02-05 15:07:28 worker[ChatBusinessWorker:1238] exit with status 65280
2016-02-05 15:07:28 WORKER EXIT UNEXPECTED E_PARSE syntax error, unexpected '$class' (T_VARIABLE), expecting identifier (T_STRING) in /home/wwwroot/LC/Applications/App/Event.php on line 57
2016-02-05 15:07:28 WORKER EXIT UNEXPECTED E_PARSE syntax error, unexpected '$class' (T_VARIABLE), expecting identifier (T_STRING) in /home/wwwroot/LC/Applications/App/Event.php on line 57
2016-02-05 15:07:28 WORKER EXIT UNEXPECTED E_PARSE syntax error, unexpected '$class' (T_VARIABLE), expecting identifier (T_STRING) in /home/wwwroot/LC/Applications/App/Event.php on line 57
2016-02-05 15:07:28 WORKER EXIT UNEXPECTED E_PARSE syntax error, unexpected '$class' (T_VARIABLE), expecting identifier (T_STRING) in /home/wwwroot/LC/Applications/App/Event.php on line 57
2016-02-05 15:07:28 worker[ChatBusinessWorker:1240] exit with status 65280
2016-02-05 15:07:28 worker[ChatBusinessWorker:1239] exit with status 65280
2016-02-05 15:07:28 worker[ChatBusinessWorker:1241] exit with status 65280
2016-02-05 15:07:28 worker[ChatBusinessWorker:1242] exit with status 65280
2016-02-05 15:07:28 WORKER EXIT UNEXPECTED E_PARSE syntax error, unexpected '$class' (T_VARIABLE), expecting identifier (T_STRING) in /home/wwwroot/LC/Applications/App/Event.php on line 57
2016-02-05 15:07:28 WORKER EXIT UNEXPECTED E_PARSE syntax error, unexpected '$class' (T_VARIABLE), expecting identifier (T_STRING) in /home/wwwroot/LC/Applications/App/Event.php on line 57
2016-02-05 15:07:28 WORKER EXIT UNEXPECTED E_PARSE syntax error, unexpected '$class' (T_VARIABLE), expecting identifier (T_STRING) in /home/wwwroot/LC/Applications/App/Event.php on line 57
2016-02-05 15:07:28 WORKER EXIT UNEXPECTED E_PARSE syntax error, unexpected '$class' (T_VARIABLE), expecting identifier (T_STRING) in /home/wwwroot/LC/Applications/App/Event.php on line 57
2016-02-05 15:07:28 worker[ChatBusinessWorker:1243] exit with status 65280
2016-02-05 15:07:28 worker[ChatBusinessWorker:1246] exit with status 65280
2016-02-05 15:07:28 worker[ChatBusinessWorker:1244] exit with status 65280
2016-02-05 15:07:28 worker[ChatBusinessWorker:1245] exit with status 65280
2016-02-05 15:07:28 WORKER EXIT UNEXPECTED E_PARSE syntax error, unexpected '$class' (T_VARIABLE), expecting identifier (T_STRING) in /home/wwwroot/LC/Applications/App/Event.php on line 57
2016-02-05 15:07:28 WORKER EXIT UNEXPECTED E_PARSE syntax error, unexpected '$class' (T_VARIABLE), expecting identifier (T_STRING) in /home/wwwroot/LC/Applications/App/Event.php on line 57
2016-02-05 15:07:28 WORKER EXIT UNEXPECTED E_PARSE syntax error, unexpected '$class' (T_VARIABLE), expecting identifier (T_STRING) in /home/wwwroot/LC/Applications/App/Event.php on line 57
2016-02-05 15:07:28 WORKER EXIT UNEXPECTED E_PARSE syntax error, unexpected '$class' (T_VARIABLE), expecting identifier (T_STRING) in /home/wwwroot/LC/Applications/App/Event.php on line 57
2016-02-05 15:07:28 worker[ChatBusinessWorker:1249] exit with status 65280
2016-02-05 15:07:28 worker[ChatBusinessWorker:1247] exit with status 65280
2016-02-05 15:07:28 worker[ChatBusinessWorker:1248] exit with status 65280
2016-02-05 15:07:28 worker[ChatBusinessWorker:1250] exit with status 65280
2016-02-05 15:07:28 WORKER EXIT UNEXPECTED E_PARSE syntax error, unexpected '$class' (T_VARIABLE), expecting identifier (T_STRING) in /home/wwwroot/LC/Applications/App/Event.php on line 57
2016-02-05 15:07:28 WORKER EXIT UNEXPECTED E_PARSE syntax error, unexpected '$class' (T_VARIABLE), expecting identifier (T_STRING) in /home/wwwroot/LC/Applications/App/Event.php on line 57
2016-02-05 15:07:28 WORKER EXIT UNEXPECTED E_PARSE syntax error, unexpected '$class' (T_VARIABLE), expecting identifier (T_STRING) in /home/wwwroot/LC/Applications/App/Event.php on line 57
2016-02-05 15:07:28 WORKER EXIT UNEXPECTED E_PARSE syntax error, unexpected '$class' (T_VARIABLE), expecting identifier (T_STRING) in /home/wwwroot/LC/Applications/App/Event.php on line 57
2016-02-05 15:07:28 worker[ChatBusinessWorker:1251] exit with status 65280
2016-02-05 15:07:28 worker[ChatBusinessWorker:1252] exit with status 65280
2016-02-05 15:07:28 worker[ChatBusinessWorker:1253] exit with status 65280
2016-02-05 15:07:28 worker[ChatBusinessWorker:1254] exit with status 65280
2016-02-05 15:07:28 WORKER EXIT UNEXPECTED E_PARSE syntax error, unexpected '$class' (T_VARIABLE), expecting identifier (T_STRING) in /home/wwwroot/LC/Applications/App/Event.php on line 57
2016-02-05 15:07:28 WORKER EXIT UNEXPECTED E_PARSE syntax error, unexpected '$class' (T_VARIABLE), expecting identifier (T_STRING) in /home/wwwroot/LC/Applications/App/Event.php on line 57
2016-02-05 15:07:28 WORKER EXIT UNEXPECTED E_PARSE syntax error, unexpected '$class' (T_VARIABLE), expecting identifier (T_STRING) in /home/wwwroot/LC/Applications/App/Event.php on line 57
2016-02-05 15:07:28 WORKER EXIT UNEXPECTED E_PARSE syntax error, unexpected '$class' (T_VARIABLE), expecting identifier (T_STRING) in /home/wwwroot/LC/Applications/App/Event.php on line 57
2016-02-05 15:07:28 worker[ChatBusinessWorker:1255] exit with status 65280
2016-02-05 15:07:28 worker[ChatBusinessWorker:1256] exit with status 65280
2016-02-05 15:07:28 worker[ChatBusinessWorker:1257] exit with status 65280
2016-02-05 15:07:28 worker[ChatBusinessWorker:1258] exit with status 65280
2016-02-05 15:07:28 WORKER EXIT UNEXPECTED E_PARSE syntax error, unexpected '$class' (T_VARIABLE), expecting identifier (T_STRING) in /home/wwwroot/LC/Applications/App/Event.php on line 57
2016-02-05 15:07:28 WORKER EXIT UNEXPECTED E_PARSE syntax error, unexpected '$class' (T_VARIABLE), expecting identifier (T_STRING) in /home/wwwroot/LC/Applications/App/Event.php on line 57
2016-02-05 15:07:28 WORKER EXIT UNEXPECTED E_PARSE syntax error, unexpected '$class' (T_VARIABLE), expecting identifier (T_STRING) in /home/wwwroot/LC/Applications/App/Event.php on line 57
2016-02-05 15:07:28 WORKER EXIT UNEXPECTED E_PARSE syntax error, unexpected '$class' (T_VARIABLE), expecting identifier (T_STRING) in /home/wwwroot/LC/Applications/App/Event.php on line 57
2016-02-05 15:07:28 worker[ChatBusinessWorker:1259] exit with status 65280
2016-02-05 15:07:28 worker[ChatBusinessWorker:1260] exit with status 65280
2016-02-05 15:07:28 worker[ChatBusinessWorker:1261] exit with status 65280
2016-02-05 15:07:28 worker[ChatBusinessWorker:1262] exit with status 65280
2016-02-05 15:07:28 WORKER EXIT UNEXPECTED E_PARSE syntax error, unexpected '$class' (T_VARIABLE), expecting identifier (T_STRING) in /home/wwwroot/LC/Applications/App/Event.php on line 57
2016-02-05 15:07:28 WORKER EXIT UNEXPECTED E_PARSE syntax error, unexpected '$class' (T_VARIABLE), expecting identifier (T_STRING) in /home/wwwroot/LC/Applications/App/Event.php on line 57
2016-02-05 15:07:28 WORKER EXIT UNEXPECTED E_PARSE syntax error, unexpected '$class' (T_VARIABLE), expecting identifier (T_STRING) in /home/wwwroot/LC/Applications/App/Event.php on line 57
2016-02-05 15:07:28 WORKER EXIT UNEXPECTED E_PARSE syntax error, unexpected '$class' (T_VARIABLE), expecting identifier (T_STRING) in /home/wwwroot/LC/Applications/App/Event.php on line 57
2016-02-05 15:07:29 worker[ChatBusinessWorker:1263] exit with status 65280
2016-02-05 15:07:29 worker[ChatBusinessWorker:1264] exit with status 65280
2016-02-05 15:07:29 worker[ChatBusinessWorker:1265] exit with status 65280
2016-02-05 15:07:29 worker[ChatBusinessWorker:1266] exit with status 65280
2016-02-05 15:07:29 WORKER EXIT UNEXPECTED E_PARSE syntax error, unexpected '$class' (T_VARIABLE), expecting identifier (T_STRING) in /home/wwwroot/LC/Applications/App/Event.php on line 57
2016-02-05 15:07:29 WORKER EXIT UNEXPECTED E_PARSE syntax error, unexpected '$class' (T_VARIABLE), expecting identifier (T_STRING) in /home/wwwroot/LC/Applications/App/Event.php on line 57
2016-02-05 15:07:29 WORKER EXIT UNEXPECTED E_PARSE syntax error, unexpected '$class' (T_VARIABLE), expecting identifier (T_STRING) in /home/wwwroot/LC/Applications/App/Event.php on line 57
2016-02-05 15:07:29 WORKER EXIT UNEXPECTED E_PARSE syntax error, unexpected '$class' (T_VARIABLE), expecting identifier (T_STRING) in /home/wwwroot/LC/Applications/App/Event.php on line 57
2016-02-05 15:07:29 worker[ChatBusinessWorker:1267] exit with status 65280
2016-02-05 15:07:29 worker[ChatBusinessWorker:1272] exit with status 65280
2016-02-05 15:07:29 worker[ChatBusinessWorker:1269] exit with status 65280
2016-02-05 15:07:29 worker[ChatBusinessWorker:1271] exit with status 65280
2016-02-05 15:07:29 WORKER EXIT UNEXPECTED E_PARSE syntax error, unexpected '$class' (T_VARIABLE), expecting identifier (T_STRING) in /home/wwwroot/LC/Applications/App/Event.php on line 57
2016-02-05 15:07:29 WORKER EXIT UNEXPECTED E_PARSE syntax error, unexpected '$class' (T_VARIABLE), expecting identifier (T_STRING) in /home/wwwroot/LC/Applications/App/Event.php on line 57
2016-02-05 15:07:29 WORKER EXIT UNEXPECTED E_PARSE syntax error, unexpected '$class' (T_VARIABLE), expecting identifier (T_STRING) in /home/wwwroot/LC/Applications/App/Event.php on line 57
2016-02-05 15:07:29 WORKER EXIT UNEXPECTED E_PARSE syntax error, unexpected '$class' (T_VARIABLE), expecting identifier (T_STRING) in /home/wwwroot/LC/Applications/App/Event.php on line 57
2016-02-05 15:07:29 worker[ChatBusinessWorker:1274] exit with status 65280
2016-02-05 15:07:29 worker[ChatBusinessWorker:1276] exit with status 65280
2016-02-05 15:07:29 worker[ChatBusinessWorker:1275] exit with status 65280
2016-02-05 15:07:29 worker[ChatBusinessWorker:1273] exit with status 65280
2016-02-05 15:07:29 WORKER EXIT UNEXPECTED E_PARSE syntax error, unexpected '$class' (T_VARIABLE), expecting identifier (T_STRING) in /home/wwwroot/LC/Applications/App/Event.php on line 57
2016-02-05 15:07:29 WORKER EXIT UNEXPECTED E_PARSE syntax error, unexpected '$class' (T_VARIABLE), expecting identifier (T_STRING) in /home/wwwroot/LC/Applications/App/Event.php on line 57
2016-02-05 15:07:29 WORKER EXIT UNEXPECTED E_PARSE syntax error, unexpected '$class' (T_VARIABLE), expecting identifier (T_STRING) in /home/wwwroot/LC/Applications/App/Event.php on line 57
2016-02-05 15:07:29 WORKER EXIT UNEXPECTED E_PARSE syntax error, unexpected '$class' (T_VARIABLE), expecting identifier (T_STRING) in /home/wwwroot/LC/Applications/App/Event.php on line 57
2016-02-05 15:07:29 worker[ChatBusinessWorker:1278] exit with status 65280
2016-02-05 15:07:29 worker[ChatBusinessWorker:1277] exit with status 65280
2016-02-05 15:07:29 worker[ChatBusinessWorker:1280] exit with status 65280
2016-02-05 15:07:29 worker[ChatBusinessWorker:1279] exit with status 65280
2016-02-05 15:07:29 WORKER EXIT UNEXPECTED E_PARSE syntax error, unexpected '$class' (T_VARIABLE), expecting identifier (T_STRING) in /home/wwwroot/LC/Applications/App/Event.php on line 57
2016-02-05 15:07:29 WORKER EXIT UNEXPECTED E_PARSE syntax error, unexpected '$class' (T_VARIABLE), expecting identifier (T_STRING) in /home/wwwroot/LC/Applications/App/Event.php on line 57
2016-02-05 15:07:29 WORKER EXIT UNEXPECTED E_PARSE syntax error, unexpected '$class' (T_VARIABLE), expecting identifier (T_STRING) in /home/wwwroot/LC/Applications/App/Event.php on line 57
2016-02-05 15:07:29 WORKER EXIT UNEXPECTED E_PARSE syntax error, unexpected '$class' (T_VARIABLE), expecting identifier (T_STRING) in /home/wwwroot/LC/Applications/App/Event.php on line 57
2016-02-05 15:07:29 worker[ChatBusinessWorker:1285] exit with status 65280
2016-02-05 15:07:29 worker[ChatBusinessWorker:1283] exit with status 65280
2016-02-05 15:07:29 worker[ChatBusinessWorker:1281] exit with status 65280
2016-02-05 15:07:29 worker[ChatBusinessWorker:1284] exit with status 65280
2016-02-05 15:07:29 WORKER EXIT UNEXPECTED E_PARSE syntax error, unexpected '$class' (T_VARIABLE), expecting identifier (T_STRING) in /home/wwwroot/LC/Applications/App/Event.php on line 57
2016-02-05 15:07:29 WORKER EXIT UNEXPECTED E_PARSE syntax error, unexpected '$class' (T_VARIABLE), expecting identifier (T_STRING) in /home/wwwroot/LC/Applications/App/Event.php on line 57
2016-02-05 15:07:29 WORKER EXIT UNEXPECTED E_PARSE syntax error, unexpected '$class' (T_VARIABLE), expecting identifier (T_STRING) in /home/wwwroot/LC/Applications/App/Event.php on line 57
2016-02-05 15:07:29 WORKER EXIT UNEXPECTED E_PARSE syntax error, unexpected '$class' (T_VARIABLE), expecting identifier (T_STRING) in /home/wwwroot/LC/Applications/App/Event.php on line 57
2016-02-05 15:07:29 worker[ChatBusinessWorker:1286] exit with status 65280
2016-02-05 15:07:29 worker[ChatBusinessWorker:1288] exit with status 65280
2016-02-05 15:07:29 worker[ChatBusinessWorker:1287] exit with status 65280
2016-02-05 15:07:29 worker[ChatBusinessWorker:1289] exit with status 65280
2016-02-05 15:07:29 WORKER EXIT UNEXPECTED E_PARSE syntax error, unexpected '$class' (T_VARIABLE), expecting identifier (T_STRING) in /home/wwwroot/LC/Applications/App/Event.php on line 57
2016-02-05 15:07:29 WORKER EXIT UNEXPECTED E_PARSE syntax error, unexpected '$class' (T_VARIABLE), expecting identifier (T_STRING) in /home/wwwroot/LC/Applications/App/Event.php on line 57
2016-02-05 15:07:29 WORKER EXIT UNEXPECTED E_PARSE syntax error, unexpected '$class' (T_VARIABLE), expecting identifier (T_STRING) in /home/wwwroot/LC/Applications/App/Event.php on line 57
2016-02-05 15:07:29 WORKER EXIT UNEXPECTED E_PARSE syntax error, unexpected '$class' (T_VARIABLE), expecting identifier (T_STRING) in /home/wwwroot/LC/Applications/App/Event.php on line 57
2016-02-05 15:07:29 worker[ChatBusinessWorker:1291] exit with status 65280
2016-02-05 15:07:29 worker[ChatBusinessWorker:1290] exit with status 65280
2016-02-05 15:07:29 worker[ChatBusinessWorker:1293] exit with status 65280
2016-02-05 15:07:29 worker[ChatBusinessWorker:1292] exit with status 65280
2016-02-05 15:07:29 WORKER EXIT UNEXPECTED E_PARSE syntax error, unexpected '$class' (T_VARIABLE), expecting identifier (T_STRING) in /home/wwwroot/LC/Applications/App/Event.php on line 57
2016-02-05 15:07:29 WORKER EXIT UNEXPECTED E_PARSE syntax error, unexpected '$class' (T_VARIABLE), expecting identifier (T_STRING) in /home/wwwroot/LC/Applications/App/Event.php on line 57
2016-02-05 15:07:29 WORKER EXIT UNEXPECTED E_PARSE syntax error, unexpected '$class' (T_VARIABLE), expecting identifier (T_STRING) in /home/wwwroot/LC/Applications/App/Event.php on line 57
2016-02-05 15:07:29 WORKER EXIT UNEXPECTED E_PARSE syntax error, unexpected '$class' (T_VARIABLE), expecting identifier (T_STRING) in /home/wwwroot/LC/Applications/App/Event.php on line 57
2016-02-05 15:07:29 worker[ChatBusinessWorker:1295] exit with status 65280
2016-02-05 15:07:29 worker[ChatBusinessWorker:1296] exit with status 65280
2016-02-05 15:07:29 worker[ChatBusinessWorker:1294] exit with status 65280
2016-02-05 15:07:29 worker[ChatBusinessWorker:1297] exit with status 65280
2016-02-05 15:07:29 WORKER EXIT UNEXPECTED E_PARSE syntax error, unexpected '$class' (T_VARIABLE), expecting identifier (T_STRING) in /home/wwwroot/LC/Applications/App/Event.php on line 57
2016-02-05 15:07:29 WORKER EXIT UNEXPECTED E_PARSE syntax error, unexpected '$class' (T_VARIABLE), expecting identifier (T_STRING) in /home/wwwroot/LC/Applications/App/Event.php on line 57
2016-02-05 15:07:29 WORKER EXIT UNEXPECTED E_PARSE syntax error, unexpected '$class' (T_VARIABLE), expecting identifier (T_STRING) in /home/wwwroot/LC/Applications/App/Event.php on line 57
2016-02-05 15:07:29 WORKER EXIT UNEXPECTED E_PARSE syntax error, unexpected '$class' (T_VARIABLE), expecting identifier (T_STRING) in /home/wwwroot/LC/Applications/App/Event.php on line 57
2016-02-05 15:07:29 worker[ChatBusinessWorker:1298] exit with status 65280
2016-02-05 15:07:29 worker[ChatBusinessWorker:1299] exit with status 65280
2016-02-05 15:07:29 worker[ChatBusinessWorker:1300] exit with status 65280
2016-02-05 15:07:29 worker[ChatBusinessWorker:1301] exit with status 65280
2016-02-05 15:07:29 WORKER EXIT UNEXPECTED E_PARSE syntax error, unexpected '$class' (T_VARIABLE), expecting identifier (T_STRING) in /home/wwwroot/LC/Applications/App/Event.php on line 57
2016-02-05 15:07:29 WORKER EXIT UNEXPECTED E_PARSE syntax error, unexpected '$class' (T_VARIABLE), expecting identifier (T_STRING) in /home/wwwroot/LC/Applications/App/Event.php on line 57
2016-02-05 15:07:29 WORKER EXIT UNEXPECTED E_PARSE syntax error, unexpected '$class' (T_VARIABLE), expecting identifier (T_STRING) in /home/wwwroot/LC/Applications/App/Event.php on line 57
2016-02-05 15:07:29 WORKER EXIT UNEXPECTED E_PARSE syntax error, unexpected '$class' (T_VARIABLE), expecting identifier (T_STRING) in /home/wwwroot/LC/Applications/App/Event.php on line 57
2016-02-05 15:07:29 worker[ChatBusinessWorker:1302] exit with status 65280
2016-02-05 15:07:29 worker[ChatBusinessWorker:1303] exit with status 65280
2016-02-05 15:07:29 worker[ChatBusinessWorker:1304] exit with status 65280
2016-02-05 15:07:29 worker[ChatBusinessWorker:1305] exit with status 65280
2016-02-05 15:07:29 WORKER EXIT UNEXPECTED E_PARSE syntax error, unexpected '$class' (T_VARIABLE), expecting identifier (T_STRING) in /home/wwwroot/LC/Applications/App/Event.php on line 57
2016-02-05 15:07:29 WORKER EXIT UNEXPECTED E_PARSE syntax error, unexpected '$class' (T_VARIABLE), expecting identifier (T_STRING) in /home/wwwroot/LC/Applications/App/Event.php on line 57
2016-02-05 15:07:29 WORKER EXIT UNEXPECTED E_PARSE syntax error, unexpected '$class' (T_VARIABLE), expecting identifier (T_STRING) in /home/wwwroot/LC/Applications/App/Event.php on line 57
2016-02-05 15:07:29 WORKER EXIT UNEXPECTED E_PARSE syntax error, unexpected '$class' (T_VARIABLE), expecting identifier (T_STRING) in /home/wwwroot/LC/Applications/App/Event.php on line 57
2016-02-05 15:07:29 worker[ChatBusinessWorker:1306] exit with status 65280
2016-02-05 15:07:29 worker[ChatBusinessWorker:1307] exit with status 65280
2016-02-05 15:07:29 worker[ChatBusinessWorker:1308] exit with status 65280
2016-02-05 15:07:29 worker[ChatBusinessWorker:1309] exit with status 65280
2016-02-05 15:07:29 WORKER EXIT UNEXPECTED E_PARSE syntax error, unexpected '$class' (T_VARIABLE), expecting identifier (T_STRING) in /home/wwwroot/LC/Applications/App/Event.php on line 57
2016-02-05 15:07:29 WORKER EXIT UNEXPECTED E_PARSE syntax error, unexpected '$class' (T_VARIABLE), expecting identifier (T_STRING) in /home/wwwroot/LC/Applications/App/Event.php on line 57
2016-02-05 15:07:29 WORKER EXIT UNEXPECTED E_PARSE syntax error, unexpected '$class' (T_VARIABLE), expecting identifier (T_STRING) in /home/wwwroot/LC/Applications/App/Event.php on line 57
2016-02-05 15:07:29 WORKER EXIT UNEXPECTED E_PARSE syntax error, unexpected '$class' (T_VARIABLE), expecting identifier (T_STRING) in /home/wwwroot/LC/Applications/App/Event.php on line 57
2016-02-05 15:07:29 worker[ChatBusinessWorker:1310] exit with status 65280
2016-02-05 15:07:29 worker[ChatBusinessWorker:1312] exit with status 65280
2016-02-05 15:07:29 worker[ChatBusinessWorker:1311] exit with status 65280
2016-02-05 15:07:29 worker[ChatBusinessWorker:1313] exit with status 65280
2016-02-05 15:07:29 WORKER EXIT UNEXPECTED E_PARSE syntax error, unexpected '$class' (T_VARIABLE), expecting identifier (T_STRING) in /home/wwwroot/LC/Applications/App/Event.php on line 57
2016-02-05 15:07:29 WORKER EXIT UNEXPECTED E_PARSE syntax error, unexpected '$class' (T_VARIABLE), expecting identifier (T_STRING) in /home/wwwroot/LC/Applications/App/Event.php on line 57
2016-02-05 15:07:29 WORKER EXIT UNEXPECTED E_PARSE syntax error, unexpected '$class' (T_VARIABLE), expecting identifier (T_STRING) in /home/wwwroot/LC/Applications/App/Event.php on line 57
2016-02-05 15:07:29 WORKER EXIT UNEXPECTED E_PARSE syntax error, unexpected '$class' (T_VARIABLE), expecting identifier (T_STRING) in /home/wwwroot/LC/Applications/App/Event.php on line 57
2016-02-05 15:07:29 worker[ChatBusinessWorker:1314] exit with status 65280
2016-02-05 15:07:29 worker[ChatBusinessWorker:1315] exit with status 65280
2016-02-05 15:07:29 worker[ChatBusinessWorker:1316] exit with status 65280
2016-02-05 15:07:29 worker[ChatBusinessWorker:1317] exit with status 65280
2016-02-05 15:07:29 WORKER EXIT UNEXPECTED E_PARSE syntax error, unexpected '$class' (T_VARIABLE), expecting identifier (T_STRING) in /home/wwwroot/LC/Applications/App/Event.php on line 57
2016-02-05 15:07:29 WORKER EXIT UNEXPECTED E_PARSE syntax error, unexpected '$class' (T_VARIABLE), expecting identifier (T_STRING) in /home/wwwroot/LC/Applications/App/Event.php on line 57
2016-02-05 15:07:29 WORKER EXIT UNEXPECTED E_PARSE syntax error, unexpected '$class' (T_VARIABLE), expecting identifier (T_STRING) in /home/wwwroot/LC/Applications/App/Event.php on line 57
2016-02-05 15:07:29 WORKER EXIT UNEXPECTED E_PARSE syntax error, unexpected '$class' (T_VARIABLE), expecting identifier (T_STRING) in /home/wwwroot/LC/Applications/App/Event.php on line 57
2016-02-05 15:07:29 worker[ChatBusinessWorker:1319] exit with status 65280
2016-02-05 15:07:29 worker[ChatBusinessWorker:1318] exit with status 65280
2016-02-05 15:07:29 worker[ChatBusinessWorker:1320] exit with status 65280
2016-02-05 15:07:29 worker[ChatBusinessWorker:1321] exit with status 65280
2016-02-05 15:07:29 WORKER EXIT UNEXPECTED E_PARSE syntax error, unexpected '$class' (T_VARIABLE), expecting identifier (T_STRING) in /home/wwwroot/LC/Applications/App/Event.php on line 57
2016-02-05 15:07:29 WORKER EXIT UNEXPECTED E_PARSE syntax error, unexpected '$class' (T_VARIABLE), expecting identifier (T_STRING) in /home/wwwroot/LC/Applications/App/Event.php on line 57
2016-02-05 15:07:29 WORKER EXIT UNEXPECTED E_PARSE syntax error, unexpected '$class' (T_VARIABLE), expecting identifier (T_STRING) in /home/wwwroot/LC/Applications/App/Event.php on line 57
2016-02-05 15:07:29 WORKER EXIT UNEXPECTED E_PARSE syntax error, unexpected '$class' (T_VARIABLE), expecting identifier (T_STRING) in /home/wwwroot/LC/Applications/App/Event.php on line 57
2016-02-05 15:07:29 worker[ChatBusinessWorker:1326] exit with status 65280
2016-02-05 15:07:29 worker[ChatBusinessWorker:1323] exit with status 65280
2016-02-05 15:07:29 worker[ChatBusinessWorker:1325] exit with status 65280
2016-02-05 15:07:29 worker[ChatBusinessWorker:1332] exit with status 65280
2016-02-05 15:07:29 WORKER EXIT UNEXPECTED E_PARSE syntax error, unexpected '$class' (T_VARIABLE), expecting identifier (T_STRING) in /home/wwwroot/LC/Applications/App/Event.php on line 57
2016-02-05 15:07:29 WORKER EXIT UNEXPECTED E_PARSE syntax error, unexpected '$class' (T_VARIABLE), expecting identifier (T_STRING) in /home/wwwroot/LC/Applications/App/Event.php on line 57
2016-02-05 15:07:29 WORKER EXIT UNEXPECTED E_PARSE syntax error, unexpected '$class' (T_VARIABLE), expecting identifier (T_STRING) in /home/wwwroot/LC/Applications/App/Event.php on line 57
2016-02-05 15:07:29 WORKER EXIT UNEXPECTED E_PARSE syntax error, unexpected '$class' (T_VARIABLE), expecting identifier (T_STRING) in /home/wwwroot/LC/Applications/App/Event.php on line 57
2016-02-05 15:07:29 worker[ChatBusinessWorker:1333] exit with status 65280
2016-02-05 15:07:29 worker[ChatBusinessWorker:1334] exit with status 65280
2016-02-05 15:07:29 worker[ChatBusinessWorker:1335] exit with status 65280
2016-02-05 15:07:29 worker[ChatBusinessWorker:1336] exit with status 65280
2016-02-05 15:07:29 WORKER EXIT UNEXPECTED E_PARSE syntax error, unexpected '$class' (T_VARIABLE), expecting identifier (T_STRING) in /home/wwwroot/LC/Applications/App/Event.php on line 57
2016-02-05 15:07:29 WORKER EXIT UNEXPECTED E_PARSE syntax error, unexpected '$class' (T_VARIABLE), expecting identifier (T_STRING) in /home/wwwroot/LC/Applications/App/Event.php on line 57
2016-02-05 15:07:29 WORKER EXIT UNEXPECTED E_PARSE syntax error, unexpected '$class' (T_VARIABLE), expecting identifier (T_STRING) in /home/wwwroot/LC/Applications/App/Event.php on line 57
2016-02-05 15:07:29 WORKER EXIT UNEXPECTED E_PARSE syntax error, unexpected '$class' (T_VARIABLE), expecting identifier (T_STRING) in /home/wwwroot/LC/Applications/App/Event.php on line 57
2016-02-05 15:07:29 worker[ChatBusinessWorker:1338] exit with status 65280
2016-02-05 15:07:29 worker[ChatBusinessWorker:1339] exit with status 65280
2016-02-05 15:07:29 worker[ChatBusinessWorker:1337] exit with status 65280
2016-02-05 15:07:29 worker[ChatBusinessWorker:1340] exit with status 65280
2016-02-05 15:07:29 WORKER EXIT UNEXPECTED E_PARSE syntax error, unexpected '$class' (T_VARIABLE), expecting identifier (T_STRING) in /home/wwwroot/LC/Applications/App/Event.php on line 57
2016-02-05 15:07:29 WORKER EXIT UNEXPECTED E_PARSE syntax error, unexpected '$class' (T_VARIABLE), expecting identifier (T_STRING) in /home/wwwroot/LC/Applications/App/Event.php on line 57
2016-02-05 15:07:29 WORKER EXIT UNEXPECTED E_PARSE syntax error, unexpected '$class' (T_VARIABLE), expecting identifier (T_STRING) in /home/wwwroot/LC/Applications/App/Event.php on line 57
2016-02-05 15:07:29 WORKER EXIT UNEXPECTED E_PARSE syntax error, unexpected '$class' (T_VARIABLE), expecting identifier (T_STRING) in /home/wwwroot/LC/Applications/App/Event.php on line 57
2016-02-05 15:07:29 worker[ChatBusinessWorker:1341] exit with status 65280
2016-02-05 15:07:29 worker[ChatBusinessWorker:1343] exit with status 65280
2016-02-05 15:07:29 worker[ChatBusinessWorker:1342] exit with status 65280
2016-02-05 15:07:29 worker[ChatBusinessWorker:1344] exit with status 65280
2016-02-05 15:07:29 WORKER EXIT UNEXPECTED E_PARSE syntax error, unexpected '$class' (T_VARIABLE), expecting identifier (T_STRING) in /home/wwwroot/LC/Applications/App/Event.php on line 57
2016-02-05 15:07:29 WORKER EXIT UNEXPECTED E_PARSE syntax error, unexpected '$class' (T_VARIABLE), expecting identifier (T_STRING) in /home/wwwroot/LC/Applications/App/Event.php on line 57
2016-02-05 15:07:29 WORKER EXIT UNEXPECTED E_PARSE syntax error, unexpected '$class' (T_VARIABLE), expecting identifier (T_STRING) in /home/wwwroot/LC/Applications/App/Event.php on line 57
2016-02-05 15:07:29 WORKER EXIT UNEXPECTED E_PARSE syntax error, unexpected '$class' (T_VARIABLE), expecting identifier (T_STRING) in /home/wwwroot/LC/Applications/App/Event.php on line 57
2016-02-05 15:07:29 worker[ChatBusinessWorker:1346] exit with status 65280
2016-02-05 15:07:29 worker[ChatBusinessWorker:1347] exit with status 65280
2016-02-05 15:07:29 worker[ChatBusinessWorker:1349] exit with status 65280
2016-02-05 15:07:29 worker[ChatBusinessWorker:1350] exit with status 65280
2016-02-05 15:07:29 WORKER EXIT UNEXPECTED E_PARSE syntax error, unexpected '$class' (T_VARIABLE), expecting identifier (T_STRING) in /home/wwwroot/LC/Applications/App/Event.php on line 57
2016-02-05 15:07:29 WORKER EXIT UNEXPECTED E_PARSE syntax error, unexpected '$class' (T_VARIABLE), expecting identifier (T_STRING) in /home/wwwroot/LC/Applications/App/Event.php on line 57
2016-02-05 15:07:29 WORKER EXIT UNEXPECTED E_PARSE syntax error, unexpected '$class' (T_VARIABLE), expecting identifier (T_STRING) in /home/wwwroot/LC/Applications/App/Event.php on line 57
2016-02-05 15:07:29 WORKER EXIT UNEXPECTED E_PARSE syntax error, unexpected '$class' (T_VARIABLE), expecting identifier (T_STRING) in /home/wwwroot/LC/Applications/App/Event.php on line 57
2016-02-05 15:07:29 worker[ChatBusinessWorker:1351] exit with status 65280
2016-02-05 15:07:29 worker[ChatBusinessWorker:1353] exit with status 65280
2016-02-05 15:07:29 worker[ChatBusinessWorker:1352] exit with status 65280
2016-02-05 15:07:29 worker[ChatBusinessWorker:1354] exit with status 65280
2016-02-05 15:07:29 WORKER EXIT UNEXPECTED E_PARSE syntax error, unexpected '$class' (T_VARIABLE), expecting identifier (T_STRING) in /home/wwwroot/LC/Applications/App/Event.php on line 57
2016-02-05 15:07:29 WORKER EXIT UNEXPECTED E_PARSE syntax error, unexpected '$class' (T_VARIABLE), expecting identifier (T_STRING) in /home/wwwroot/LC/Applications/App/Event.php on line 57
2016-02-05 15:07:29 WORKER EXIT UNEXPECTED E_PARSE syntax error, unexpected '$class' (T_VARIABLE), expecting identifier (T_STRING) in /home/wwwroot/LC/Applications/App/Event.php on line 57
2016-02-05 15:07:29 WORKER EXIT UNEXPECTED E_PARSE syntax error, unexpected '$class' (T_VARIABLE), expecting identifier (T_STRING) in /home/wwwroot/LC/Applications/App/Event.php on line 57
2016-02-05 15:07:29 worker[ChatBusinessWorker:1355] exit with status 65280
2016-02-05 15:07:29 worker[ChatBusinessWorker:1378] exit with status 65280
2016-02-05 15:07:29 worker[ChatBusinessWorker:1380] exit with status 65280
2016-02-05 15:07:29 worker[ChatBusinessWorker:1379] exit with status 65280
2016-02-05 15:07:29 WORKER EXIT UNEXPECTED E_PARSE syntax error, unexpected '$class' (T_VARIABLE), expecting identifier (T_STRING) in /home/wwwroot/LC/Applications/App/Event.php on line 57
2016-02-05 15:07:29 WORKER EXIT UNEXPECTED E_PARSE syntax error, unexpected '$class' (T_VARIABLE), expecting identifier (T_STRING) in /home/wwwroot/LC/Applications/App/Event.php on line 57
2016-02-05 15:07:29 WORKER EXIT UNEXPECTED E_PARSE syntax error, unexpected '$class' (T_VARIABLE), expecting identifier (T_STRING) in /home/wwwroot/LC/Applications/App/Event.php on line 57
2016-02-05 15:07:29 WORKER EXIT UNEXPECTED E_PARSE syntax error, unexpected '$class' (T_VARIABLE), expecting identifier (T_STRING) in /home/wwwroot/LC/Applications/App/Event.php on line 57
2016-02-05 15:07:29 worker[ChatBusinessWorker:1381] exit with status 65280
2016-02-05 15:07:29 worker[ChatBusinessWorker:1382] exit with status 65280
2016-02-05 15:07:29 worker[ChatBusinessWorker:1397] exit with status 65280
2016-02-05 15:07:29 worker[ChatBusinessWorker:1395] exit with status 65280
2016-02-05 15:07:29 WORKER EXIT UNEXPECTED E_PARSE syntax error, unexpected '$class' (T_VARIABLE), expecting identifier (T_STRING) in /home/wwwroot/LC/Applications/App/Event.php on line 57
2016-02-05 15:07:29 WORKER EXIT UNEXPECTED E_PARSE syntax error, unexpected '$class' (T_VARIABLE), expecting identifier (T_STRING) in /home/wwwroot/LC/Applications/App/Event.php on line 57
2016-02-05 15:07:29 WORKER EXIT UNEXPECTED E_PARSE syntax error, unexpected '$class' (T_VARIABLE), expecting identifier (T_STRING) in /home/wwwroot/LC/Applications/App/Event.php on line 57
2016-02-05 15:07:29 WORKER EXIT UNEXPECTED E_PARSE syntax error, unexpected '$class' (T_VARIABLE), expecting identifier (T_STRING) in /home/wwwroot/LC/Applications/App/Event.php on line 57
2016-02-05 15:07:29 worker[ChatBusinessWorker:1407] exit with status 65280
2016-02-05 15:07:29 worker[ChatBusinessWorker:1405] exit with status 65280
2016-02-05 15:07:29 worker[ChatBusinessWorker:1404] exit with status 65280
2016-02-05 15:07:29 worker[ChatBusinessWorker:1406] exit with status 65280
2016-02-05 15:07:29 WORKER EXIT UNEXPECTED E_PARSE syntax error, unexpected '$class' (T_VARIABLE), expecting identifier (T_STRING) in /home/wwwroot/LC/Applications/App/Event.php on line 57
2016-02-05 15:07:29 WORKER EXIT UNEXPECTED E_PARSE syntax error, unexpected '$class' (T_VARIABLE), expecting identifier (T_STRING) in /home/wwwroot/LC/Applications/App/Event.php on line 57
2016-02-05 15:07:29 WORKER EXIT UNEXPECTED E_PARSE syntax error, unexpected '$class' (T_VARIABLE), expecting identifier (T_STRING) in /home/wwwroot/LC/Applications/App/Event.php on line 57
2016-02-05 15:07:29 WORKER EXIT UNEXPECTED E_PARSE syntax error, unexpected '$class' (T_VARIABLE), expecting identifier (T_STRING) in /home/wwwroot/LC/Applications/App/Event.php on line 57
2016-02-05 15:07:29 worker[ChatBusinessWorker:1414] exit with status 65280
2016-02-05 15:07:29 worker[ChatBusinessWorker:1415] exit with status 65280
2016-02-05 15:07:29 worker[ChatBusinessWorker:1416] exit with status 65280
2016-02-05 15:07:29 worker[ChatBusinessWorker:1417] exit with status 65280
2016-02-05 15:07:29 WORKER EXIT UNEXPECTED E_PARSE syntax error, unexpected '$class' (T_VARIABLE), expecting identifier (T_STRING) in /home/wwwroot/LC/Applications/App/Event.php on line 57
2016-02-05 15:07:29 WORKER EXIT UNEXPECTED E_PARSE syntax error, unexpected '$class' (T_VARIABLE), expecting identifier (T_STRING) in /home/wwwroot/LC/Applications/App/Event.php on line 57
2016-02-05 15:07:29 WORKER EXIT UNEXPECTED E_PARSE syntax error, unexpected '$class' (T_VARIABLE), expecting identifier (T_STRING) in /home/wwwroot/LC/Applications/App/Event.php on line 57
2016-02-05 15:07:29 WORKER EXIT UNEXPECTED E_PARSE syntax error, unexpected '$class' (T_VARIABLE), expecting identifier (T_STRING) in /home/wwwroot/LC/Applications/App/Event.php on line 57
2016-02-05 15:07:29 worker[ChatBusinessWorker:1418] exit with status 65280
2016-02-05 15:07:29 worker[ChatBusinessWorker:1419] exit with status 65280
2016-02-05 15:07:29 worker[ChatBusinessWorker:1421] exit with status 65280
2016-02-05 15:07:29 worker[ChatBusinessWorker:1420] exit with status 65280
2016-02-05 15:07:29 WORKER EXIT UNEXPECTED E_PARSE syntax error, unexpected '$class' (T_VARIABLE), expecting identifier (T_STRING) in /home/wwwroot/LC/Applications/App/Event.php on line 57
2016-02-05 15:07:29 WORKER EXIT UNEXPECTED E_PARSE syntax error, unexpected '$class' (T_VARIABLE), expecting identifier (T_STRING) in /home/wwwroot/LC/Applications/App/Event.php on line 57
2016-02-05 15:07:29 WORKER EXIT UNEXPECTED E_PARSE syntax error, unexpected '$class' (T_VARIABLE), expecting identifier (T_STRING) in /home/wwwroot/LC/Applications/App/Event.php on line 57
2016-02-05 15:07:29 WORKER EXIT UNEXPECTED E_PARSE syntax error, unexpected '$class' (T_VARIABLE), expecting identifier (T_STRING) in /home/wwwroot/LC/Applications/App/Event.php on line 57
2016-02-05 15:07:29 worker[ChatBusinessWorker:1424] exit with status 65280
2016-02-05 15:07:29 worker[ChatBusinessWorker:1422] exit with status 65280
2016-02-05 15:07:29 worker[ChatBusinessWorker:1425] exit with status 65280
2016-02-05 15:07:29 worker[ChatBusinessWorker:1423] exit with status 65280
2016-02-05 15:07:29 WORKER EXIT UNEXPECTED E_PARSE syntax error, unexpected '$class' (T_VARIABLE), expecting identifier (T_STRING) in /home/wwwroot/LC/Applications/App/Event.php on line 57
2016-02-05 15:07:29 WORKER EXIT UNEXPECTED E_PARSE syntax error, unexpected '$class' (T_VARIABLE), expecting identifier (T_STRING) in /home/wwwroot/LC/Applications/App/Event.php on line 57
2016-02-05 15:07:29 WORKER EXIT UNEXPECTED E_PARSE syntax error, unexpected '$class' (T_VARIABLE), expecting identifier (T_STRING) in /home/wwwroot/LC/Applications/App/Event.php on line 57
2016-02-05 15:07:29 WORKER EXIT UNEXPECTED E_PARSE syntax error, unexpected '$class' (T_VARIABLE), expecting identifier (T_STRING) in /home/wwwroot/LC/Applications/App/Event.php on line 57
2016-02-05 15:07:29 worker[ChatBusinessWorker:1426] exit with status 65280
2016-02-05 15:07:29 worker[ChatBusinessWorker:1428] exit with status 65280
2016-02-05 15:07:29 worker[ChatBusinessWorker:1427] exit with status 65280
2016-02-05 15:07:29 worker[ChatBusinessWorker:1429] exit with status 65280
2016-02-05 15:07:29 WORKER EXIT UNEXPECTED E_PARSE syntax error, unexpected '$class' (T_VARIABLE), expecting identifier (T_STRING) in /home/wwwroot/LC/Applications/App/Event.php on line 57
2016-02-05 15:07:29 WORKER EXIT UNEXPECTED E_PARSE syntax error, unexpected '$class' (T_VARIABLE), expecting identifier (T_STRING) in /home/wwwroot/LC/Applications/App/Event.php on line 57
2016-02-05 15:07:29 WORKER EXIT UNEXPECTED E_PARSE syntax error, unexpected '$class' (T_VARIABLE), expecting identifier (T_STRING) in /home/wwwroot/LC/Applications/App/Event.php on line 57
2016-02-05 15:07:29 WORKER EXIT UNEXPECTED E_PARSE syntax error, unexpected '$class' (T_VARIABLE), expecting identifier (T_STRING) in /home/wwwroot/LC/Applications/App/Event.php on line 57
2016-02-05 15:07:29 worker[ChatBusinessWorker:1431] exit with status 65280
2016-02-05 15:07:29 worker[ChatBusinessWorker:1430] exit with status 65280
2016-02-05 15:07:29 worker[ChatBusinessWorker:1432] exit with status 65280
2016-02-05 15:07:29 worker[ChatBusinessWorker:1433] exit with status 65280
2016-02-05 15:07:29 WORKER EXIT UNEXPECTED E_PARSE syntax error, unexpected '$class' (T_VARIABLE), expecting identifier (T_STRING) in /home/wwwroot/LC/Applications/App/Event.php on line 57
2016-02-05 15:07:29 WORKER EXIT UNEXPECTED E_PARSE syntax error, unexpected '$class' (T_VARIABLE), expecting identifier (T_STRING) in /home/wwwroot/LC/Applications/App/Event.php on line 57
2016-02-05 15:07:29 WORKER EXIT UNEXPECTED E_PARSE syntax error, unexpected '$class' (T_VARIABLE), expecting identifier (T_STRING) in /home/wwwroot/LC/Applications/App/Event.php on line 57
2016-02-05 15:07:29 WORKER EXIT UNEXPECTED E_PARSE syntax error, unexpected '$class' (T_VARIABLE), expecting identifier (T_STRING) in /home/wwwroot/LC/Applications/App/Event.php on line 57
2016-02-05 15:07:29 worker[ChatBusinessWorker:1436] exit with status 65280
2016-02-05 15:07:29 worker[ChatBusinessWorker:1434] exit with status 65280
2016-02-05 15:07:29 worker[ChatBusinessWorker:1437] exit with status 65280
2016-02-05 15:07:29 worker[ChatBusinessWorker:1440] exit with status 65280
2016-02-05 15:07:29 WORKER EXIT UNEXPECTED E_PARSE syntax error, unexpected '$class' (T_VARIABLE), expecting identifier (T_STRING) in /home/wwwroot/LC/Applications/App/Event.php on line 57
2016-02-05 15:07:29 WORKER EXIT UNEXPECTED E_PARSE syntax error, unexpected '$class' (T_VARIABLE), expecting identifier (T_STRING) in /home/wwwroot/LC/Applications/App/Event.php on line 57
2016-02-05 15:07:29 WORKER EXIT UNEXPECTED E_PARSE syntax error, unexpected '$class' (T_VARIABLE), expecting identifier (T_STRING) in /home/wwwroot/LC/Applications/App/Event.php on line 57
2016-02-05 15:07:29 WORKER EXIT UNEXPECTED E_PARSE syntax error, unexpected '$class' (T_VARIABLE), expecting identifier (T_STRING) in /home/wwwroot/LC/Applications/App/Event.php on line 57
2016-02-05 15:07:29 worker[ChatBusinessWorker:1442] exit with status 65280
2016-02-05 15:07:29 worker[ChatBusinessWorker:1443] exit with status 65280
2016-02-05 15:07:29 worker[ChatBusinessWorker:1444] exit with status 65280
2016-02-05 15:07:29 worker[ChatBusinessWorker:1445] exit with status 65280
2016-02-05 15:07:29 WORKER EXIT UNEXPECTED E_PARSE syntax error, unexpected '$class' (T_VARIABLE), expecting identifier (T_STRING) in /home/wwwroot/LC/Applications/App/Event.php on line 57
2016-02-05 15:07:29 WORKER EXIT UNEXPECTED E_PARSE syntax error, unexpected '$class' (T_VARIABLE), expecting identifier (T_STRING) in /home/wwwroot/LC/Applications/App/Event.php on line 57
2016-02-05 15:07:29 WORKER EXIT UNEXPECTED E_PARSE syntax error, unexpected '$class' (T_VARIABLE), expecting identifier (T_STRING) in /home/wwwroot/LC/Applications/App/Event.php on line 57
2016-02-05 15:07:29 WORKER EXIT UNEXPECTED E_PARSE syntax error, unexpected '$class' (T_VARIABLE), expecting identifier (T_STRING) in /home/wwwroot/LC/Applications/App/Event.php on line 57
2016-02-05 15:07:29 worker[ChatBusinessWorker:1446] exit with status 65280
2016-02-05 15:07:29 worker[ChatBusinessWorker:1447] exit with status 65280
2016-02-05 15:07:29 worker[ChatBusinessWorker:1448] exit with status 65280
2016-02-05 15:07:29 worker[ChatBusinessWorker:1449] exit with status 65280
2016-02-05 15:07:29 WORKER EXIT UNEXPECTED E_PARSE syntax error, unexpected '$class' (T_VARIABLE), expecting identifier (T_STRING) in /home/wwwroot/LC/Applications/App/Event.php on line 57
2016-02-05 15:07:29 Workerman[start.php] Stopping ...
2016-02-05 15:07:29 WORKER EXIT UNEXPECTED E_PARSE syntax error, unexpected '$class' (T_VARIABLE), expecting identifier (T_STRING) in /home/wwwroot/LC/Applications/App/Event.php on line 57
2016-02-05 15:07:29 WORKER EXIT UNEXPECTED E_PARSE syntax error, unexpected '$class' (T_VARIABLE), expecting identifier (T_STRING) in /home/wwwroot/LC/Applications/App/Event.php on line 57
2016-02-05 15:07:29 WORKER EXIT UNEXPECTED E_PARSE syntax error, unexpected '$class' (T_VARIABLE), expecting identifier (T_STRING) in /home/wwwroot/LC/Applications/App/Event.php on line 57
2016-02-05 15:07:29 worker[ChatBusinessWorker:1450] exit with status 65280
2016-02-05 15:07:29 worker[ChatBusinessWorker:1451] exit with status 65280
2016-02-05 15:07:29 worker[ChatBusinessWorker:1452] exit with status 65280
2016-02-05 15:07:29 worker[ChatBusinessWorker:1453] exit with status 65280
2016-02-05 15:07:29 Workerman[start.php] has been stopped
2016-02-05 15:07:59 Workerman[start.php] start in DEBUG mode
2016-02-05 15:08:08 WORKER EXIT UNEXPECTED E_ERROR Uncaught Error: Class 'User' not found in /home/wwwroot/LC/Applications/App/Event.php:57
Stack trace:
#0 [internal function]: Event::onMessage('7f00000108fd000...', '{"mod":"User","...')
#1 /home/wwwroot/LC/GatewayWorker/BusinessWorker.php(306): call_user_func('Event::onMessag...', '7f00000108fd000...', '{"mod":"User","...')
#2 [internal function]: GatewayWorker\BusinessWorker->onGatewayMessage(Object(Workerman\Connection\AsyncTcpConnection), Array)
#3 /home/wwwroot/LC/Workerman/Connection/TcpConnection.php(453): call_user_func(Array, Object(Workerman\Connection\AsyncTcpConnection), Array)
#4 [internal function]: Workerman\Connection\TcpConnection->baseRead(Resource id #40)
#5 /home/wwwroot/LC/Workerman/Events/Select.php(260): call_user_func_array(Array, Array)
#6 /home/wwwroot/LC/Workerman/Worker.php(1507): Workerman\Events\Select->loop()
#7 /home/wwwroot/LC/GatewayWorker/BusinessWorker.php(139): Workerman\Worker->run()
#8 /home/wwwroot/LC/Workerman/Worker.php(900): GatewayWorker\BusinessWorker->run()
#9 /ho in /home/wwwroot/LC/Applications/App/Event.php on line 57
2016-02-05 15:08:08 worker[ChatBusinessWorker:1499] exit with status 65280
2016-02-05 15:08:32 Workerman[start.php] Stopping ...
2016-02-05 15:08:32 Workerman[start.php] has been stopped
2016-02-05 15:09:46 Workerman[start.php] start in DEBUG mode
2016-02-05 15:09:49 WORKER EXIT UNEXPECTED E_ERROR Uncaught Error: Class 'User' not found in /home/wwwroot/LC/Applications/App/Event.php:58
Stack trace:
#0 [internal function]: Event::onMessage('7f00000108ff000...', '{"mod":"User","...')
#1 /home/wwwroot/LC/GatewayWorker/BusinessWorker.php(306): call_user_func('Event::onMessag...', '7f00000108ff000...', '{"mod":"User","...')
#2 [internal function]: GatewayWorker\BusinessWorker->onGatewayMessage(Object(Workerman\Connection\AsyncTcpConnection), Array)
#3 /home/wwwroot/LC/Workerman/Connection/TcpConnection.php(453): call_user_func(Array, Object(Workerman\Connection\AsyncTcpConnection), Array)
#4 [internal function]: Workerman\Connection\TcpConnection->baseRead(Resource id #40)
#5 /home/wwwroot/LC/Workerman/Events/Select.php(260): call_user_func_array(Array, Array)
#6 /home/wwwroot/LC/Workerman/Worker.php(1507): Workerman\Events\Select->loop()
#7 /home/wwwroot/LC/GatewayWorker/BusinessWorker.php(139): Workerman\Worker->run()
#8 /home/wwwroot/LC/Workerman/Worker.php(900): GatewayWorker\BusinessWorker->run()
#9 /ho in /home/wwwroot/LC/Applications/App/Event.php on line 58
2016-02-05 15:09:49 worker[ChatBusinessWorker:1642] exit with status 65280
2016-02-05 15:10:10 Workerman[start.php] Stopping ...
2016-02-05 15:10:10 Workerman[start.php] has been stopped
2016-02-05 15:10:39 Workerman[start.php] start in DEBUG mode
2016-02-05 15:10:42 WORKER EXIT UNEXPECTED E_ERROR Uncaught Error: Class 'User' not found in /home/wwwroot/LC/Applications/App/Event.php:58
Stack trace:
#0 [internal function]: Event::onMessage('7f00000108ff000...', '{"mod":"User","...')
#1 /home/wwwroot/LC/GatewayWorker/BusinessWorker.php(306): call_user_func('Event::onMessag...', '7f00000108ff000...', '{"mod":"User","...')
#2 [internal function]: GatewayWorker\BusinessWorker->onGatewayMessage(Object(Workerman\Connection\AsyncTcpConnection), Array)
#3 /home/wwwroot/LC/Workerman/Connection/TcpConnection.php(453): call_user_func(Array, Object(Workerman\Connection\AsyncTcpConnection), Array)
#4 [internal function]: Workerman\Connection\TcpConnection->baseRead(Resource id #40)
#5 /home/wwwroot/LC/Workerman/Events/Select.php(260): call_user_func_array(Array, Array)
#6 /home/wwwroot/LC/Workerman/Worker.php(1507): Workerman\Events\Select->loop()
#7 /home/wwwroot/LC/GatewayWorker/BusinessWorker.php(139): Workerman\Worker->run()
#8 /home/wwwroot/LC/Workerman/Worker.php(900): GatewayWorker\BusinessWorker->run()
#9 /ho in /home/wwwroot/LC/Applications/App/Event.php on line 58
2016-02-05 15:10:42 worker[ChatBusinessWorker:1722] exit with status 65280
2016-02-05 15:11:05 Workerman[start.php] Stopping ...
2016-02-05 15:11:05 Workerman[start.php] has been stopped
2016-02-05 15:13:22 Workerman[start.php] start in DEBUG mode
2016-02-05 15:13:28 WORKER EXIT UNEXPECTED E_ERROR Uncaught Error: Class 'User' not found in /home/wwwroot/LC/Applications/App/Event.php:58
Stack trace:
#0 [internal function]: Event::onMessage('7f00000108ff000...', '{"mod":"User","...')
#1 /home/wwwroot/LC/GatewayWorker/BusinessWorker.php(306): call_user_func('Event::onMessag...', '7f00000108ff000...', '{"mod":"User","...')
#2 [internal function]: GatewayWorker\BusinessWorker->onGatewayMessage(Object(Workerman\Connection\AsyncTcpConnection), Array)
#3 /home/wwwroot/LC/Workerman/Connection/TcpConnection.php(453): call_user_func(Array, Object(Workerman\Connection\AsyncTcpConnection), Array)
#4 [internal function]: Workerman\Connection\TcpConnection->baseRead(Resource id #40)
#5 /home/wwwroot/LC/Workerman/Events/Select.php(260): call_user_func_array(Array, Array)
#6 /home/wwwroot/LC/Workerman/Worker.php(1507): Workerman\Events\Select->loop()
#7 /home/wwwroot/LC/GatewayWorker/BusinessWorker.php(139): Workerman\Worker->run()
#8 /home/wwwroot/LC/Workerman/Worker.php(900): GatewayWorker\BusinessWorker->run()
#9 /ho in /home/wwwroot/LC/Applications/App/Event.php on line 58
2016-02-05 15:13:28 worker[ChatBusinessWorker:2567] exit with status 65280
2016-02-05 15:13:40 Workerman[start.php] Stopping ...
2016-02-05 15:13:40 Workerman[start.php] has been stopped
2016-02-05 15:13:43 Workerman[start.php] start in DEBUG mode
2016-02-05 15:13:46 WORKER EXIT UNEXPECTED E_ERROR Uncaught Error: Class 'User' not found in /home/wwwroot/LC/Applications/App/Event.php:58
Stack trace:
#0 [internal function]: Event::onMessage('7f00000108fe000...', '{"mod":"User","...')
#1 /home/wwwroot/LC/GatewayWorker/BusinessWorker.php(306): call_user_func('Event::onMessag...', '7f00000108fe000...', '{"mod":"User","...')
#2 [internal function]: GatewayWorker\BusinessWorker->onGatewayMessage(Object(Workerman\Connection\AsyncTcpConnection), Array)
#3 /home/wwwroot/LC/Workerman/Connection/TcpConnection.php(453): call_user_func(Array, Object(Workerman\Connection\AsyncTcpConnection), Array)
#4 [internal function]: Workerman\Connection\TcpConnection->baseRead(Resource id #40)
#5 /home/wwwroot/LC/Workerman/Events/Select.php(260): call_user_func_array(Array, Array)
#6 /home/wwwroot/LC/Workerman/Worker.php(1507): Workerman\Events\Select->loop()
#7 /home/wwwroot/LC/GatewayWorker/BusinessWorker.php(139): Workerman\Worker->run()
#8 /home/wwwroot/LC/Workerman/Worker.php(900): GatewayWorker\BusinessWorker->run()
#9 /ho in /home/wwwroot/LC/Applications/App/Event.php on line 58
2016-02-05 15:13:46 worker[ChatBusinessWorker:2603] exit with status 65280
2016-02-05 15:14:06 Workerman[start.php] Stopping ...
2016-02-05 15:14:06 Workerman[start.php] has been stopped
2016-02-05 15:17:36 Workerman[start.php] start in DEBUG mode
2016-02-05 15:17:55 WORKER EXIT UNEXPECTED E_ERROR Uncaught Error: Class 'User' not found in /home/wwwroot/LC/Applications/App/Event.php:57
Stack trace:
#0 [internal function]: Event::onMessage('7f00000108ff000...', '{"mod":"User","...')
#1 /home/wwwroot/LC/GatewayWorker/BusinessWorker.php(306): call_user_func('Event::onMessag...', '7f00000108ff000...', '{"mod":"User","...')
#2 [internal function]: GatewayWorker\BusinessWorker->onGatewayMessage(Object(Workerman\Connection\AsyncTcpConnection), Array)
#3 /home/wwwroot/LC/Workerman/Connection/TcpConnection.php(453): call_user_func(Array, Object(Workerman\Connection\AsyncTcpConnection), Array)
#4 [internal function]: Workerman\Connection\TcpConnection->baseRead(Resource id #39)
#5 /home/wwwroot/LC/Workerman/Events/Select.php(260): call_user_func_array(Array, Array)
#6 /home/wwwroot/LC/Workerman/Worker.php(1507): Workerman\Events\Select->loop()
#7 /home/wwwroot/LC/GatewayWorker/BusinessWorker.php(139): Workerman\Worker->run()
#8 /home/wwwroot/LC/Workerman/Worker.php(900): GatewayWorker\BusinessWorker->run()
#9 /ho in /home/wwwroot/LC/Applications/App/Event.php on line 57
2016-02-05 15:17:55 worker[ChatBusinessWorker:2867] exit with status 65280
2016-02-05 15:22:03 Workerman[start.php] Stopping ...
2016-02-05 15:22:03 Workerman[start.php] has been stopped
2016-02-05 15:24:18 Workerman[start.php] start in DEBUG mode
2016-02-05 15:24:26 WORKER EXIT UNEXPECTED E_ERROR Uncaught Error: Class 'User' not found in /home/wwwroot/LC/Applications/App/Event.php:58
Stack trace:
#0 [internal function]: Event::onMessage('7f00000108ff000...', '{"mod":"User","...')
#1 /home/wwwroot/LC/GatewayWorker/BusinessWorker.php(306): call_user_func('Event::onMessag...', '7f00000108ff000...', '{"mod":"User","...')
#2 [internal function]: GatewayWorker\BusinessWorker->onGatewayMessage(Object(Workerman\Connection\AsyncTcpConnection), Array)
#3 /home/wwwroot/LC/Workerman/Connection/TcpConnection.php(453): call_user_func(Array, Object(Workerman\Connection\AsyncTcpConnection), Array)
#4 [internal function]: Workerman\Connection\TcpConnection->baseRead(Resource id #40)
#5 /home/wwwroot/LC/Workerman/Events/Select.php(260): call_user_func_array(Array, Array)
#6 /home/wwwroot/LC/Workerman/Worker.php(1507): Workerman\Events\Select->loop()
#7 /home/wwwroot/LC/GatewayWorker/BusinessWorker.php(139): Workerman\Worker->run()
#8 /home/wwwroot/LC/Workerman/Worker.php(900): GatewayWorker\BusinessWorker->run()
#9 /ho in /home/wwwroot/LC/Applications/App/Event.php on line 58
2016-02-05 15:24:26 worker[ChatBusinessWorker:3306] exit with status 65280
2016-02-05 15:24:41 Workerman[start.php] Stopping ...
2016-02-05 15:24:41 Workerman[start.php] has been stopped
2016-02-05 15:25:05 Workerman[start.php] start in DEBUG mode
2016-02-05 15:25:08 WORKER EXIT UNEXPECTED E_ERROR Uncaught Error: Class 'User' not found in /home/wwwroot/LC/Applications/App/Event.php:58
Stack trace:
#0 [internal function]: Event::onMessage('7f00000108fe000...', '{"mod":"User","...')
#1 /home/wwwroot/LC/GatewayWorker/BusinessWorker.php(306): call_user_func('Event::onMessag...', '7f00000108fe000...', '{"mod":"User","...')
#2 [internal function]: GatewayWorker\BusinessWorker->onGatewayMessage(Object(Workerman\Connection\AsyncTcpConnection), Array)
#3 /home/wwwroot/LC/Workerman/Connection/TcpConnection.php(453): call_user_func(Array, Object(Workerman\Connection\AsyncTcpConnection), Array)
#4 [internal function]: Workerman\Connection\TcpConnection->baseRead(Resource id #40)
#5 /home/wwwroot/LC/Workerman/Events/Select.php(260): call_user_func_array(Array, Array)
#6 /home/wwwroot/LC/Workerman/Worker.php(1507): Workerman\Events\Select->loop()
#7 /home/wwwroot/LC/GatewayWorker/BusinessWorker.php(139): Workerman\Worker->run()
#8 /home/wwwroot/LC/Workerman/Worker.php(900): GatewayWorker\BusinessWorker->run()
#9 /ho in /home/wwwroot/LC/Applications/App/Event.php on line 58
2016-02-05 15:25:08 worker[ChatBusinessWorker:3374] exit with status 65280
2016-02-05 15:25:32 Workerman[start.php] Stopping ...
2016-02-05 15:25:32 Workerman[start.php] has been stopped
2016-02-05 15:29:00 Workerman[start.php] start in DEBUG mode
2016-02-05 15:29:23 Workerman[start.php] Stopping ...
2016-02-05 15:29:23 Workerman[start.php] has been stopped
2016-02-05 15:30:37 Workerman[start.php] start in DEBUG mode
2016-02-05 15:30:42 WORKER EXIT UNEXPECTED E_ERROR Class 'Applications\App\Controller\MyWm' not found in /home/wwwroot/LC/Applications/App/Controller/User.class.php on line 5
2016-02-05 15:30:42 worker[ChatBusinessWorker:3759] exit with status 65280
2016-02-05 15:31:01 Workerman[start.php] Stopping ...
2016-02-05 15:31:01 Workerman[start.php] has been stopped
2016-02-05 15:32:12 Workerman[start.php] start in DEBUG mode
2016-02-05 15:32:16 WORKER EXIT UNEXPECTED 
2016-02-05 15:32:16 worker[ChatBusinessWorker:3872] exit with status 64000
2016-02-05 15:32:21 Workerman[start.php] Stopping ...
2016-02-05 15:32:21 Workerman[start.php] has been stopped
2016-02-05 15:32:53 Workerman[start.php] start in DEBUG mode
2016-02-05 15:32:58 WORKER EXIT UNEXPECTED 
2016-02-05 15:32:58 worker[ChatBusinessWorker:3931] exit with status 64000
2016-02-05 15:33:16 Workerman[start.php] Stopping ...
2016-02-05 15:33:16 Workerman[start.php] has been stopped
2016-02-05 15:33:48 Workerman[start.php] start in DEBUG mode
2016-02-05 15:33:52 Workerman[start.php] Stopping ...
2016-02-05 15:33:52 Workerman[start.php] has been stopped
2016-02-05 15:46:43 Workerman[start.php] start in DEBUG mode
2016-02-05 15:46:49 WORKER EXIT UNEXPECTED 
2016-02-05 15:46:49 worker[ChatBusinessWorker:4957] exit with status 64000
2016-02-05 15:47:08 Workerman[start.php] Stopping ...
2016-02-05 15:47:08 Workerman[start.php] has been stopped
2016-02-05 15:47:35 Workerman[start.php] start in DEBUG mode
2016-02-05 15:47:51 Workerman[start.php] Stopping ...
2016-02-05 15:47:51 Workerman[start.php] has been stopped
2016-02-05 15:57:25 Workerman[start.php] start in DEBUG mode
2016-02-05 15:57:30 WORKER EXIT UNEXPECTED E_ERROR Uncaught Error: Class 'MongoClient' not found in /home/wwwroot/LC/Applications/App/Controller/User.class.php:8
Stack trace:
#0 /home/wwwroot/LC/Applications/App/Event.php(58): User->reg(Array, '7f00000108ff000...')
#1 [internal function]: Event::onMessage('7f00000108ff000...', '{"mod":"User","...')
#2 /home/wwwroot/LC/GatewayWorker/BusinessWorker.php(306): call_user_func('Event::onMessag...', '7f00000108ff000...', '{"mod":"User","...')
#3 [internal function]: GatewayWorker\BusinessWorker->onGatewayMessage(Object(Workerman\Connection\AsyncTcpConnection), Array)
#4 /home/wwwroot/LC/Workerman/Connection/TcpConnection.php(453): call_user_func(Array, Object(Workerman\Connection\AsyncTcpConnection), Array)
#5 [internal function]: Workerman\Connection\TcpConnection->baseRead(Resource id #40)
#6 /home/wwwroot/LC/Workerman/Events/Select.php(260): call_user_func_array(Array, Array)
#7 /home/wwwroot/LC/Workerman/Worker.php(1507): Workerman\Events\Select->loop()
#8 /home/wwwroot/LC/GatewayWorker/BusinessWorker.php(139):  in /home/wwwroot/LC/Applications/App/Controller/User.class.php on line 8
2016-02-05 15:57:30 worker[ChatBusinessWorker:5627] exit with status 65280
2016-02-05 15:57:42 Workerman[start.php] Stopping ...
2016-02-05 15:57:43 Workerman[start.php] has been stopped
2016-02-05 15:58:02 Workerman[start.php] start in DEBUG mode
2016-02-05 15:58:07 WORKER EXIT UNEXPECTED E_ERROR Uncaught Error: Class 'MongoClient' not found in /home/wwwroot/LC/Applications/App/Controller/User.class.php:8
Stack trace:
#0 /home/wwwroot/LC/Applications/App/Event.php(58): User->reg(Array, '7f00000108ff000...')
#1 [internal function]: Event::onMessage('7f00000108ff000...', '{"mod":"User","...')
#2 /home/wwwroot/LC/GatewayWorker/BusinessWorker.php(306): call_user_func('Event::onMessag...', '7f00000108ff000...', '{"mod":"User","...')
#3 [internal function]: GatewayWorker\BusinessWorker->onGatewayMessage(Object(Workerman\Connection\AsyncTcpConnection), Array)
#4 /home/wwwroot/LC/Workerman/Connection/TcpConnection.php(453): call_user_func(Array, Object(Workerman\Connection\AsyncTcpConnection), Array)
#5 [internal function]: Workerman\Connection\TcpConnection->baseRead(Resource id #40)
#6 /home/wwwroot/LC/Workerman/Events/Select.php(260): call_user_func_array(Array, Array)
#7 /home/wwwroot/LC/Workerman/Worker.php(1507): Workerman\Events\Select->loop()
#8 /home/wwwroot/LC/GatewayWorker/BusinessWorker.php(139):  in /home/wwwroot/LC/Applications/App/Controller/User.class.php on line 8
2016-02-05 15:58:07 worker[ChatBusinessWorker:5677] exit with status 65280
2016-02-05 15:58:35 Workerman[start.php] Stopping ...
2016-02-05 15:58:35 Workerman[start.php] has been stopped
2016-02-05 16:01:49 Workerman[start.php] start in DEBUG mode
2016-02-05 16:01:56 WORKER EXIT UNEXPECTED E_ERROR Uncaught Error: Class 'Mongo' not found in /home/wwwroot/LC/Applications/App/Controller/User.class.php:8
Stack trace:
#0 /home/wwwroot/LC/Applications/App/Event.php(58): User->reg(Array, '7f00000108ff000...')
#1 [internal function]: Event::onMessage('7f00000108ff000...', '{"mod":"User","...')
#2 /home/wwwroot/LC/GatewayWorker/BusinessWorker.php(306): call_user_func('Event::onMessag...', '7f00000108ff000...', '{"mod":"User","...')
#3 [internal function]: GatewayWorker\BusinessWorker->onGatewayMessage(Object(Workerman\Connection\AsyncTcpConnection), Array)
#4 /home/wwwroot/LC/Workerman/Connection/TcpConnection.php(453): call_user_func(Array, Object(Workerman\Connection\AsyncTcpConnection), Array)
#5 [internal function]: Workerman\Connection\TcpConnection->baseRead(Resource id #40)
#6 /home/wwwroot/LC/Workerman/Events/Select.php(260): call_user_func_array(Array, Array)
#7 /home/wwwroot/LC/Workerman/Worker.php(1507): Workerman\Events\Select->loop()
#8 /home/wwwroot/LC/GatewayWorker/BusinessWorker.php(139): Worker in /home/wwwroot/LC/Applications/App/Controller/User.class.php on line 8
2016-02-05 16:01:56 worker[ChatBusinessWorker:5930] exit with status 65280
2016-02-05 16:02:04 Workerman[start.php] Stopping ...
2016-02-05 16:02:04 Workerman[start.php] has been stopped
2016-02-05 16:14:35 Workerman[start.php] start in DEBUG mode
2016-02-05 16:14:39 WORKER EXIT UNEXPECTED E_ERROR Uncaught Error: Class 'Mongo' not found in /home/wwwroot/LC/Applications/App/Controller/User.class.php:8
Stack trace:
#0 /home/wwwroot/LC/Applications/App/Event.php(58): User->reg(Array, '7f00000108ff000...')
#1 [internal function]: Event::onMessage('7f00000108ff000...', '{"mod":"User","...')
#2 /home/wwwroot/LC/GatewayWorker/BusinessWorker.php(306): call_user_func('Event::onMessag...', '7f00000108ff000...', '{"mod":"User","...')
#3 [internal function]: GatewayWorker\BusinessWorker->onGatewayMessage(Object(Workerman\Connection\AsyncTcpConnection), Array)
#4 /home/wwwroot/LC/Workerman/Connection/TcpConnection.php(453): call_user_func(Array, Object(Workerman\Connection\AsyncTcpConnection), Array)
#5 [internal function]: Workerman\Connection\TcpConnection->baseRead(Resource id #40)
#6 /home/wwwroot/LC/Workerman/Events/Select.php(260): call_user_func_array(Array, Array)
#7 /home/wwwroot/LC/Workerman/Worker.php(1507): Workerman\Events\Select->loop()
#8 /home/wwwroot/LC/GatewayWorker/BusinessWorker.php(139): Worker in /home/wwwroot/LC/Applications/App/Controller/User.class.php on line 8
2016-02-05 16:14:39 worker[ChatBusinessWorker:6787] exit with status 65280
2016-02-05 16:14:58 Workerman[start.php] Stopping ...
2016-02-05 16:14:58 Workerman[start.php] has been stopped
2016-02-05 16:56:09 Workerman[start.php] start in DEBUG mode
2016-02-05 16:56:16 WORKER EXIT UNEXPECTED E_ERROR Uncaught Error: Class 'Mongo' not found in /home/wwwroot/LC/Applications/App/Controller/User.class.php:8
Stack trace:
#0 /home/wwwroot/LC/Applications/App/Event.php(58): User->reg(Array, '7f00000108fd000...')
#1 [internal function]: Event::onMessage('7f00000108fd000...', '{"mod":"User","...')
#2 /home/wwwroot/LC/GatewayWorker/BusinessWorker.php(306): call_user_func('Event::onMessag...', '7f00000108fd000...', '{"mod":"User","...')
#3 [internal function]: GatewayWorker\BusinessWorker->onGatewayMessage(Object(Workerman\Connection\AsyncTcpConnection), Array)
#4 /home/wwwroot/LC/Workerman/Connection/TcpConnection.php(453): call_user_func(Array, Object(Workerman\Connection\AsyncTcpConnection), Array)
#5 [internal function]: Workerman\Connection\TcpConnection->baseRead(Resource id #40)
#6 /home/wwwroot/LC/Workerman/Events/Select.php(260): call_user_func_array(Array, Array)
#7 /home/wwwroot/LC/Workerman/Worker.php(1507): Workerman\Events\Select->loop()
#8 /home/wwwroot/LC/GatewayWorker/BusinessWorker.php(139): Worker in /home/wwwroot/LC/Applications/App/Controller/User.class.php on line 8
2016-02-05 16:56:16 worker[ChatBusinessWorker:10947] exit with status 65280
2016-02-05 16:56:26 Workerman[start.php] Stopping ...
2016-02-05 16:56:26 Workerman[start.php] has been stopped
2016-02-05 16:59:12 Workerman[start.php] start in DEBUG mode
2016-02-05 16:59:18 WORKER EXIT UNEXPECTED E_ERROR Uncaught Error: Class 'MongoClient' not found in /home/wwwroot/LC/Applications/App/Controller/User.class.php:8
Stack trace:
#0 /home/wwwroot/LC/Applications/App/Event.php(58): User->reg(Array, '7f00000108fe000...')
#1 [internal function]: Event::onMessage('7f00000108fe000...', '{"mod":"User","...')
#2 /home/wwwroot/LC/GatewayWorker/BusinessWorker.php(306): call_user_func('Event::onMessag...', '7f00000108fe000...', '{"mod":"User","...')
#3 [internal function]: GatewayWorker\BusinessWorker->onGatewayMessage(Object(Workerman\Connection\AsyncTcpConnection), Array)
#4 /home/wwwroot/LC/Workerman/Connection/TcpConnection.php(453): call_user_func(Array, Object(Workerman\Connection\AsyncTcpConnection), Array)
#5 [internal function]: Workerman\Connection\TcpConnection->baseRead(Resource id #40)
#6 /home/wwwroot/LC/Workerman/Events/Select.php(260): call_user_func_array(Array, Array)
#7 /home/wwwroot/LC/Workerman/Worker.php(1507): Workerman\Events\Select->loop()
#8 /home/wwwroot/LC/GatewayWorker/BusinessWorker.php(139):  in /home/wwwroot/LC/Applications/App/Controller/User.class.php on line 8
2016-02-05 16:59:18 worker[ChatBusinessWorker:11143] exit with status 65280
2016-02-05 16:59:35 Workerman[start.php] Stopping ...
2016-02-05 16:59:35 Workerman[start.php] has been stopped
2016-02-05 17:01:06 Workerman[start.php] start in DEBUG mode
2016-02-05 17:01:12 WORKER EXIT UNEXPECTED E_ERROR Uncaught Error: Class 'Mongo' not found in /home/wwwroot/LC/Applications/App/Controller/User.class.php:8
Stack trace:
#0 /home/wwwroot/LC/Applications/App/Event.php(58): User->reg(Array, '7f00000108fe000...')
#1 [internal function]: Event::onMessage('7f00000108fe000...', '{"mod":"User","...')
#2 /home/wwwroot/LC/GatewayWorker/BusinessWorker.php(306): call_user_func('Event::onMessag...', '7f00000108fe000...', '{"mod":"User","...')
#3 [internal function]: GatewayWorker\BusinessWorker->onGatewayMessage(Object(Workerman\Connection\AsyncTcpConnection), Array)
#4 /home/wwwroot/LC/Workerman/Connection/TcpConnection.php(453): call_user_func(Array, Object(Workerman\Connection\AsyncTcpConnection), Array)
#5 [internal function]: Workerman\Connection\TcpConnection->baseRead(Resource id #40)
#6 /home/wwwroot/LC/Workerman/Events/Select.php(260): call_user_func_array(Array, Array)
#7 /home/wwwroot/LC/Workerman/Worker.php(1507): Workerman\Events\Select->loop()
#8 /home/wwwroot/LC/GatewayWorker/BusinessWorker.php(139): Worker in /home/wwwroot/LC/Applications/App/Controller/User.class.php on line 8
2016-02-05 17:01:12 worker[ChatBusinessWorker:11285] exit with status 65280
2016-02-05 17:01:30 Workerman[start.php] Stopping ...
2016-02-05 17:01:30 Workerman[start.php] has been stopped
2016-02-05 17:01:32 Workerman[start.php] start in DEBUG mode
2016-02-05 17:01:36 WORKER EXIT UNEXPECTED E_ERROR Uncaught Error: Class 'Mongo' not found in /home/wwwroot/LC/Applications/App/Controller/User.class.php:8
Stack trace:
#0 /home/wwwroot/LC/Applications/App/Event.php(58): User->reg(Array, '7f00000108ff000...')
#1 [internal function]: Event::onMessage('7f00000108ff000...', '{"mod":"User","...')
#2 /home/wwwroot/LC/GatewayWorker/BusinessWorker.php(306): call_user_func('Event::onMessag...', '7f00000108ff000...', '{"mod":"User","...')
#3 [internal function]: GatewayWorker\BusinessWorker->onGatewayMessage(Object(Workerman\Connection\AsyncTcpConnection), Array)
#4 /home/wwwroot/LC/Workerman/Connection/TcpConnection.php(453): call_user_func(Array, Object(Workerman\Connection\AsyncTcpConnection), Array)
#5 [internal function]: Workerman\Connection\TcpConnection->baseRead(Resource id #40)
#6 /home/wwwroot/LC/Workerman/Events/Select.php(260): call_user_func_array(Array, Array)
#7 /home/wwwroot/LC/Workerman/Worker.php(1507): Workerman\Events\Select->loop()
#8 /home/wwwroot/LC/GatewayWorker/BusinessWorker.php(139): Worker in /home/wwwroot/LC/Applications/App/Controller/User.class.php on line 8
2016-02-05 17:01:36 worker[ChatBusinessWorker:11324] exit with status 65280
2016-02-05 17:01:40 Workerman[start.php] Stopping ...
2016-02-05 17:01:40 Workerman[start.php] has been stopped
2016-02-05 17:55:32 Workerman[start.php] start in DEBUG mode
2016-02-05 17:56:02 Workerman[start.php] Stopping ...
2016-02-05 17:56:02 Workerman[start.php] has been stopped
2016-02-15 10:47:36 Workerman[start.php] start in DEBUG mode
2016-02-15 10:48:01 Workerman[start.php] Stopping ...
2016-02-15 10:48:01 Workerman[start.php] has been stopped
2016-02-15 10:58:22 Workerman[start.php] start in DEBUG mode
2016-02-15 11:08:59 Workerman[start.php] Stopping ...
2016-02-15 11:08:59 Workerman[start.php] has been stopped
2016-02-15 17:59:03 Workerman[start.php] start in DEBUG mode
2016-02-15 18:00:11 Workerman[start.php] Stopping ...
2016-02-15 18:00:11 Workerman[start.php] has been stopped
2016-02-16 10:01:45 Workerman[start.php] start in DEBUG mode
2016-02-16 10:30:14 Workerman[start.php] Stopping ...
2016-02-16 10:30:14 Workerman[start.php] has been stopped
2016-02-16 10:30:17 Workerman[start.php] start in DEBUG mode
2016-02-16 10:30:37 WORKER EXIT UNEXPECTED 
2016-02-16 10:30:37 worker[ChatBusinessWorker:10725] exit with status 64000
2016-02-16 10:31:58 Workerman[start.php] Stopping ...
2016-02-16 10:31:58 Workerman[start.php] has been stopped
2016-02-16 10:32:00 Workerman[start.php] start in DEBUG mode
2016-02-16 10:32:00 WORKER EXIT UNEXPECTED 
2016-02-16 10:32:00 worker[ChatBusinessWorker:10842] exit with status 64000
2016-02-16 10:34:24 Workerman[start.php] Stopping ...
2016-02-16 10:34:24 Workerman[start.php] has been stopped
2016-02-16 10:34:26 Workerman[start.php] start in DEBUG mode
2016-02-16 10:37:59 Workerman[start.php] Stopping ...
2016-02-16 10:37:59 Workerman[start.php] has been stopped
2016-02-16 10:38:01 Workerman[start.php] start in DEBUG mode
2016-02-16 10:44:48 Workerman[start.php] Stopping ...
2016-02-16 10:44:48 Workerman[start.php] has been stopped
2016-02-16 10:45:21 Workerman[start.php] start in DEBUG mode
2016-02-16 10:45:48 Workerman[start.php] Stopping ...
2016-02-16 10:45:48 Workerman[start.php] has been stopped
2016-02-16 10:46:12 Workerman[start.php] start in DEBUG mode
2016-02-16 10:48:27 Workerman[start.php] Stopping ...
2016-02-16 10:48:27 Workerman[start.php] has been stopped
2016-02-16 10:48:30 Workerman[start.php] start in DEBUG mode
2016-02-16 10:48:58 Workerman[start.php] Stopping ...
2016-02-16 10:48:58 Workerman[start.php] has been stopped
2016-02-16 10:49:00 Workerman[start.php] start in DEBUG mode
2016-02-16 10:49:03 Workerman[start.php] Stopping ...
2016-02-16 10:49:03 Workerman[start.php] has been stopped
2016-02-16 10:49:13 Workerman[start.php] start in DEBUG mode
2016-02-16 10:50:18 Workerman[start.php] Stopping ...
2016-02-16 10:50:18 Workerman[start.php] has been stopped
2016-02-16 10:54:12 Workerman[start.php] start in DEBUG mode
2016-02-16 10:55:00 Workerman[start.php] Stopping ...
2016-02-16 10:55:00 Workerman[start.php] has been stopped
2016-02-16 10:55:30 Workerman[start.php] start in DEBUG mode
2016-02-16 10:56:13 Workerman[start.php] Stopping ...
2016-02-16 10:56:13 Workerman[start.php] has been stopped
2016-02-16 10:56:16 Workerman[start.php] start in DEBUG mode
2016-02-16 10:57:28 Workerman[start.php] Stopping ...
2016-02-16 10:57:28 Workerman[start.php] has been stopped
2016-02-16 10:57:46 Workerman[start.php] start in DEBUG mode
2016-02-16 14:19:09 Workerman[start.php] Stopping ...
2016-02-16 14:19:09 Workerman[start.php] has been stopped
2016-02-16 14:19:21 Workerman[start.php] start in DEBUG mode
2016-02-16 15:00:46 Workerman[start.php] Stopping ...
2016-02-16 15:00:46 Workerman[start.php] has been stopped
2016-02-16 15:00:48 Workerman[start.php] start in DEBUG mode
2016-02-16 15:21:47 Workerman[start.php] Stopping ...
2016-02-16 15:21:47 Workerman[start.php] has been stopped
2016-02-16 15:21:50 Workerman[start.php] start in DEBUG mode
2016-02-16 15:21:55 Workerman[start.php] Stopping ...
2016-02-16 15:21:55 Workerman[start.php] has been stopped
2016-02-16 15:22:23 Workerman[start.php] start in DEBUG mode
2016-02-16 15:22:28 Workerman[start.php] Stopping ...
2016-02-16 15:22:28 Workerman[start.php] has been stopped
2016-02-16 15:22:52 Workerman[start.php] start in DEBUG mode
2016-02-17 08:55:35 Workerman[start.php] start in DEBUG mode
2016-02-17 11:40:49 Workerman[start.php] Stopping ...
2016-02-17 11:40:49 Workerman[start.php] has been stopped
2016-02-17 11:40:52 Workerman[start.php] start in DEBUG mode
2016-02-17 11:44:08 Workerman[start.php] Stopping ...
2016-02-17 11:44:08 Workerman[start.php] has been stopped
2016-02-17 11:44:11 Workerman[start.php] start in DEBUG mode
2016-02-17 13:43:39 Workerman[start.php] start in DEBUG mode
2016-02-17 13:43:39 Workerman[start.php] already running
2016-02-17 13:43:48 Workerman[start.php] stop 
2016-02-17 13:43:48 Workerman[start.php] is stoping ...
2016-02-17 13:43:48 Workerman[start.php] Stopping ...
2016-02-17 13:43:48 Workerman[start.php] has been stopped
2016-02-17 13:43:48 Workerman[start.php] stop success
2016-02-17 13:43:52 Workerman[start.php] start in DEBUG mode
2016-02-17 14:06:58 Workerman[start.php] stop 
2016-02-17 14:06:58 Workerman[start.php] not run
2016-02-17 14:06:58 Workerman[start.php] is stoping ...
2016-02-17 14:06:58 Workerman[start.php] stop success
2016-02-17 14:07:02 Workerman[start.php] start in DEBUG mode
2016-02-17 14:29:33 WORKER EXIT UNEXPECTED 
2016-02-17 14:29:33 worker[ChatBusinessWorker:14726] exit with status 64000
2016-02-17 15:58:46 Workerman[start.php] Stopping ...
2016-02-17 15:58:46 Workerman[start.php] has been stopped
2016-02-17 15:58:50 Workerman[start.php] start in DEBUG mode
2016-02-17 16:04:41 Workerman[start.php] Stopping ...
2016-02-17 16:04:41 Workerman[start.php] has been stopped
2016-02-17 16:04:44 Workerman[start.php] start in DEBUG mode
2016-02-17 16:06:17 Workerman[start.php] Stopping ...
2016-02-17 16:06:17 Workerman[start.php] has been stopped
2016-02-17 16:06:20 Workerman[start.php] start in DEBUG mode
2016-02-17 16:06:45 Workerman[start.php] Stopping ...
2016-02-17 16:06:45 Workerman[start.php] has been stopped
2016-02-17 16:06:48 Workerman[start.php] start in DEBUG mode
2016-02-17 16:07:49 Workerman[start.php] Stopping ...
2016-02-17 16:07:49 Workerman[start.php] has been stopped
2016-02-17 16:07:53 Workerman[start.php] start in DEBUG mode
2016-02-17 16:25:53 Workerman[start.php] Stopping ...
2016-02-17 16:25:53 Workerman[start.php] has been stopped
2016-02-17 16:25:56 Workerman[start.php] start in DEBUG mode
2016-02-17 16:26:26 WORKER EXIT UNEXPECTED 
2016-02-17 16:26:26 worker[ChatBusinessWorker:23264] exit with status 64000
2016-02-17 16:26:27 WORKER EXIT UNEXPECTED 
2016-02-17 16:26:27 worker[ChatBusinessWorker:23261] exit with status 64000
2016-02-17 16:26:28 WORKER EXIT UNEXPECTED 
2016-02-17 16:26:28 worker[ChatBusinessWorker:23263] exit with status 64000
2016-02-17 16:26:29 WORKER EXIT UNEXPECTED 
2016-02-17 16:26:29 worker[ChatBusinessWorker:23304] exit with status 64000
2016-02-17 16:26:29 WORKER EXIT UNEXPECTED 
2016-02-17 16:26:29 worker[ChatBusinessWorker:23300] exit with status 64000
2016-02-17 16:26:29 WORKER EXIT UNEXPECTED 
2016-02-17 16:26:29 worker[ChatBusinessWorker:23262] exit with status 64000
2016-02-17 17:21:35 Workerman[start.php] Stopping ...
2016-02-17 17:21:35 Workerman[start.php] has been stopped
2016-02-17 17:21:40 Workerman[start.php] start in DEBUG mode
2016-02-17 17:23:12 Workerman[start.php] Stopping ...
2016-02-17 17:23:12 Workerman[start.php] has been stopped
2016-02-17 17:23:16 Workerman[start.php] stop 
2016-02-17 17:23:16 Workerman[start.php] not run
2016-02-17 17:23:16 Workerman[start.php] is stoping ...
2016-02-17 17:23:16 Workerman[start.php] stop success
2016-02-17 17:23:18 Workerman[start.php] start in DEBUG mode
2016-02-17 17:26:00 Workerman[start.php] Stopping ...
2016-02-17 17:26:00 Workerman[start.php] has been stopped
2016-02-17 17:26:23 Workerman[start.php] start in DEBUG mode
2016-02-18 09:15:54 Workerman[start.php] start in DEBUG mode
2016-02-18 09:23:06 Workerman[start.php] Stopping ...
2016-02-18 09:23:06 Workerman[start.php] has been stopped
2016-02-18 09:23:11 Workerman[start.php] start in DAEMON mode
2016-02-18 14:39:29 WORKER EXIT UNEXPECTED 
2016-02-18 14:39:29 worker[ChatBusinessWorker:20743] exit with status 64000
2016-02-18 14:45:59 WORKER EXIT UNEXPECTED 
2016-02-18 14:45:59 worker[ChatBusinessWorker:7569] exit with status 64000
2016-02-18 14:46:38 WORKER EXIT UNEXPECTED 
2016-02-18 14:46:38 worker[ChatBusinessWorker:20744] exit with status 64000
2016-02-18 15:01:54 Workerman[start.php] stop 
2016-02-18 15:01:54 Workerman[start.php] is stoping ...
2016-02-18 15:01:54 Workerman[start.php] Stopping ...
2016-02-18 15:01:54 Workerman[start.php] has been stopped
2016-02-18 15:01:54 Workerman[start.php] stop success
2016-02-18 15:01:58 Workerman[start.php] start in DEBUG mode
2016-02-18 15:03:13 Workerman[start.php] Stopping ...
2016-02-18 15:03:13 Workerman[start.php] has been stopped
2016-02-18 15:03:16 Workerman[start.php] start in DEBUG mode
2016-02-18 15:13:30 Workerman[start.php] Stopping ...
2016-02-18 15:13:30 Workerman[start.php] has been stopped
2016-02-18 15:13:32 Workerman[start.php] start in DEBUG mode
2016-02-18 15:16:53 Workerman[start.php] Stopping ...
2016-02-18 15:16:53 Workerman[start.php] has been stopped
2016-02-18 15:16:59 Workerman[start.php] start in DEBUG mode
2016-02-18 15:56:30 WORKER EXIT UNEXPECTED 
2016-02-18 15:56:30 worker[ChatBusinessWorker:9928] exit with status 64000
2016-02-18 16:42:28 Workerman[start.php] Stopping ...
2016-02-18 16:42:28 Workerman[start.php] has been stopped
2016-02-18 16:42:33 Workerman[start.php] start in DAEMON mode
2016-02-18 16:42:47 Workerman[start.php] start in DEBUG mode
2016-02-18 16:42:47 Workerman[start.php] already running
2016-02-18 16:42:54 Workerman[start.php] stop 
2016-02-18 16:42:54 Workerman[start.php] is stoping ...
2016-02-18 16:42:54 Workerman[start.php] Stopping ...
2016-02-18 16:42:54 Workerman[start.php] has been stopped
2016-02-18 16:42:54 Workerman[start.php] stop success
2016-02-18 16:42:56 Workerman[start.php] start in DEBUG mode
2016-02-18 17:02:44 Workerman[start.php] Stopping ...
2016-02-18 17:02:44 Workerman[start.php] has been stopped
2016-02-18 17:02:46 Workerman[start.php] start in DEBUG mode
2016-02-18 17:03:26 Workerman[start.php] Stopping ...
2016-02-18 17:03:26 Workerman[start.php] has been stopped
2016-02-18 17:03:28 Workerman[start.php] start in DEBUG mode
2016-02-18 17:04:10 Workerman[start.php] Stopping ...
2016-02-18 17:04:10 Workerman[start.php] has been stopped
2016-02-18 17:04:15 Workerman[start.php] start in DEBUG mode
2016-02-18 17:15:30 Workerman[start.php] Stopping ...
2016-02-18 17:15:30 Workerman[start.php] has been stopped
2016-02-18 17:15:34 Workerman[start.php] start in DEBUG mode
2016-02-18 17:31:26 Workerman[start.php] Stopping ...
2016-02-18 17:31:26 Workerman[start.php] has been stopped
2016-02-18 17:31:28 Workerman[start.php] start in DEBUG mode
2016-02-18 17:33:37 Workerman[start.php] Stopping ...
2016-02-18 17:33:37 Workerman[start.php] has been stopped
2016-02-18 17:33:39 Workerman[start.php] start in DEBUG mode
2016-02-18 17:34:02 Workerman[start.php] Stopping ...
2016-02-18 17:34:02 Workerman[start.php] has been stopped
2016-02-18 17:34:08 Workerman[start.php] start in DEBUG mode
2016-02-18 18:10:07 Workerman[start.php] Stopping ...
2016-02-18 18:10:07 Workerman[start.php] has been stopped
2016-02-18 18:10:12 Workerman[start.php] start in DAEMON mode
2016-02-18 23:13:51 WORKER EXIT UNEXPECTED 
2016-02-18 23:13:51 worker[ChatBusinessWorker:20597] exit with status 64000
2016-02-19 23:59:49 Workerman[start.php] stop 
2016-02-19 23:59:49 Workerman[start.php] is stoping ...
2016-02-19 23:59:49 Workerman[start.php] Stopping ...
2016-02-19 23:59:49 Workerman[start.php] has been stopped
2016-02-19 23:59:49 Workerman[start.php] stop success
